2025-10-23 06:18:54 +0000  Initial pipeline context: <IDEDistributionProcessingPipelineContext: 0x3587a2d90; archive(resolved)="<IDEArchive: 0x6000a4f427d0>", distributionTask(resolved)="2", distributionDestination(resolved)="1", distributionMethod(resolved)="<IDEDistributionMethodiOSAdHoc: 0x600022630180>", team(resolved)="<IDEProvisioningDisambiguatableBasicTeam: 0x600027f66240; teamID='X894B9K2Z3', teamName='Thi My Dung Ho', teamType='Individual', username='nghiemhonghiep@outlook.com', isFreeProvisioningTeam='0'>">
	Chain (16, self inclusive):
	<IDEDistributionProcessingPipelineContext: 0x3587a2d90; archive = "<IDEArchive: 0x6000a4f427d0>", distributionMethod="<IDEDistributionMethodiOSAdHoc: 0x600022630180>", team="<IDEProvisioningDisambiguatableBasicTeam: 0x600027f66240; teamID='X894B9K2Z3', teamName='Thi My Dung Ho', teamType='Individual', username='nghiemhonghiep@outlook.com', isFreeProvisioningTeam='0'>">
	<IDEDistributionProcessingPipelineContext: 0x358770c40; archive = "<IDEArchive: 0x6000a4f427d0>", distributionMethod="<IDEDistributionMethodiOSAdHoc: 0x600022630180>", team="<IDEProvisioningDisambiguatableBasicTeam: 0x600027f66240; teamID='X894B9K2Z3', teamName='Thi My Dung Ho', teamType='Individual', username='nghiemhonghiep@outlook.com', isFreeProvisioningTeam='0'>">
	<IDEDistributionContext: 0x3587767f0; archive = "<IDEArchive: 0x6000a4f427d0>", distributionMethod="<IDEDistributionMethodiOSAdHoc: 0x600022630180>", team="<IDEProvisioningDisambiguatableBasicTeam: 0x600027f66240; teamID='X894B9K2Z3', teamName='Thi My Dung Ho', teamType='Individual', username='nghiemhonghiep@outlook.com', isFreeProvisioningTeam='0'>">
	<IDEDistributionContext: 0x3587d8840; archive = "<IDEArchive: 0x6000a4f427d0>", distributionMethod="<IDEDistributionMethodiOSAdHoc: 0x600022630180>", team="<IDEProvisioningDisambiguatableBasicTeam: 0x600027f66240; teamID='X894B9K2Z3', teamName='Thi My Dung Ho', teamType='Individual', username='nghiemhonghiep@outlook.com', isFreeProvisioningTeam='0'>">
	<IDEDistributionContext: 0x338659690; archive = "<IDEArchive: 0x6000a4f427d0>", distributionMethod="<IDEDistributionMethodiOSAdHoc: 0x600022630180>", team="<IDEProvisioningDisambiguatableBasicTeam: 0x600027f66240; teamID='X894B9K2Z3', teamName='Thi My Dung Ho', teamType='Individual', username='nghiemhonghiep@outlook.com', isFreeProvisioningTeam='0'>">
	<IDEDistributionContext: 0x33eed11a0; archive = "<IDEArchive: 0x6000a4f427d0>", distributionMethod="<IDEDistributionMethodiOSAdHoc: 0x600022630180>", team="<IDEProvisioningDisambiguatableBasicTeam: 0x600027f66240; teamID='X894B9K2Z3', teamName='Thi My Dung Ho', teamType='Individual', username='nghiemhonghiep@outlook.com', isFreeProvisioningTeam='0'>">
	<IDEDistributionContext: 0x358754330; archive = "<IDEArchive: 0x6000a4f427d0>", distributionMethod="<IDEDistributionMethodiOSAdHoc: 0x600022630180>", team="<IDEProvisioningDisambiguatableBasicTeam: 0x600027f66240; teamID='X894B9K2Z3', teamName='Thi My Dung Ho', teamType='Individual', username='nghiemhonghiep@outlook.com', isFreeProvisioningTeam='0'>">
	<IDEDistributionContext: 0x3587d2c20; archive = "<IDEArchive: 0x6000a4f427d0>", distributionMethod="<IDEDistributionMethodiOSAdHoc: 0x600022630180>", team="<IDEProvisioningDisambiguatableBasicTeam: 0x600027f66240; teamID='X894B9K2Z3', teamName='Thi My Dung Ho', teamType='Individual', username='nghiemhonghiep@outlook.com', isFreeProvisioningTeam='0'>">
	<IDEDistributionContext: 0x358760c90; archive = "<IDEArchive: 0x6000a4f427d0>", distributionMethod="<IDEDistributionMethodiOSAdHoc: 0x600022630180>", team="<IDEProvisioningDisambiguatableBasicTeam: 0x600027f66240; teamID='X894B9K2Z3', teamName='Thi My Dung Ho', teamType='Individual', username='nghiemhonghiep@outlook.com', isFreeProvisioningTeam='0'>">
	<IDEDistributionContext: 0x358775790; archive = "<IDEArchive: 0x6000a4f427d0>", distributionMethod="<IDEDistributionMethodiOSAdHoc: 0x600022630180>", team="(null)">
	<IDEDistributionContext: 0x35878b420; archive = "<IDEArchive: 0x6000a4f427d0>", distributionMethod="<IDEDistributionMethodiOSAdHoc: 0x600022630180>", team="(null)">
	<IDEDistributionContext: 0x3587864a0; archive = "<IDEArchive: 0x6000a4f427d0>", distributionMethod="<IDEDistributionMethodiOSAdHoc: 0x600022630180>", team="(null)">
	<IDEDistributionContext: 0x33ee9d480; archive = "<IDEArchive: 0x6000a4f427d0>", distributionMethod="<IDEDistributionMethodiOSAdHoc: 0x600022630180>", team="(null)">
	<IDEDistributionContext: 0x3587ed3c0; archive = "<IDEArchive: 0x6000a4f427d0>", distributionMethod="(null)", team="(null)">
	<IDEDistributionContext: 0x35876ea30; archive = "<IDEArchive: 0x6000a4f427d0>", distributionMethod="(null)", team="(null)">
	<IDEDistributionContext: 0x33eea9760; archive = "<IDEArchive: 0x6000a4f427d0>", distributionMethod="(null)", team="(null)">
</IDEDistributionProcessingPipelineContext: 0x3587a2d90>
2025-10-23 06:18:54 +0000  Processing step: IDEDistributionCreateDestRootStep
2025-10-23 06:18:54 +0000  Processing step: IDEDistributionCopyItemStep
2025-10-23 06:18:54 +0000  Running /usr/bin/ditto '-V' '/Users/phanthi/Library/Developer/Xcode/Archives/2025-10-23/HeadX 23-10-25, 13.18.xcarchive/Products/Applications/HeadX.app' '/var/folders/kl/fhcdj8712yn46ty7p1ndsjr80000gn/T/XcodeDistPipeline.~~~6Mex7k/Root/Payload/HeadX.app'
2025-10-23 06:18:54 +0000  >>> Copying /Users/phanthi/Library/Developer/Xcode/Archives/2025-10-23/HeadX 23-10-25, 13.18.xcarchive/Products/Applications/HeadX.app 
2025-10-23 06:18:54 +0000  copying file ./_CodeSignature/CodeResources ... 
2025-10-23 06:18:54 +0000  32733 bytes for ./_CodeSignature/CodeResources
2025-10-23 06:18:54 +0000  copying file ./Fontisto.ttf ... 
2025-10-23 06:18:54 +0000  313528 bytes for ./Fontisto.ttf
2025-10-23 06:18:54 +0000  copying file ./Octicons.ttf ... 
2025-10-23 06:18:54 +0000  49404 bytes for ./Octicons.ttf
2025-10-23 06:18:54 +0000  copying file ./Feather.ttf ... 
2025-10-23 06:18:54 +0000  56228 bytes for ./Feather.ttf
2025-10-23 06:18:54 +0000  copying file ./SplashScreen.storyboardc/EXPO-VIEWCONTROLLER-1-view-EXPO-ContainerView.nib ... 
2025-10-23 06:18:54 +0000  2108 bytes for ./SplashScreen.storyboardc/EXPO-VIEWCONTROLLER-1-view-EXPO-ContainerView.nib
2025-10-23 06:18:54 +0000  copying file ./SplashScreen.storyboardc/SplashScreenViewController.nib ... 
2025-10-23 06:18:54 +0000  1004 bytes for ./SplashScreen.storyboardc/SplashScreenViewController.nib
2025-10-23 06:18:54 +0000  copying file ./SplashScreen.storyboardc/Info.plist ... 
2025-10-23 06:18:54 +0000  225 bytes for ./SplashScreen.storyboardc/Info.plist
2025-10-23 06:18:54 +0000  copying file ./FontAwesome6_Regular.ttf ... 
2025-10-23 06:18:54 +0000  67976 bytes for ./FontAwesome6_Regular.ttf
2025-10-23 06:18:54 +0000  copying file ./Entypo.ttf ... 
2025-10-23 06:18:54 +0000  66200 bytes for ./Entypo.ttf
2025-10-23 06:18:54 +0000  copying file ./FontAwesome5_Brands.ttf ... 
2025-10-23 06:18:54 +0000  134040 bytes for ./FontAwesome5_Brands.ttf
2025-10-23 06:18:54 +0000  copying file ./MaterialCommunityIcons.ttf ... 
2025-10-23 06:18:54 +0000  1147844 bytes for ./MaterialCommunityIcons.ttf
2025-10-23 06:18:54 +0000  copying file ./AppIcon60x60@2x.png ... 
2025-10-23 06:18:54 +0000  4077 bytes for ./AppIcon60x60@2x.png
2025-10-23 06:18:54 +0000  copying file ./ExpoConstants_privacy.bundle/PrivacyInfo.xcprivacy ... 
2025-10-23 06:18:54 +0000  607 bytes for ./ExpoConstants_privacy.bundle/PrivacyInfo.xcprivacy
2025-10-23 06:18:54 +0000  copying file ./ExpoConstants_privacy.bundle/Info.plist ... 
2025-10-23 06:18:54 +0000  791 bytes for ./ExpoConstants_privacy.bundle/Info.plist
2025-10-23 06:18:54 +0000  copying file ./AntDesign.ttf ... 
2025-10-23 06:18:54 +0000  70344 bytes for ./AntDesign.ttf
2025-10-23 06:18:54 +0000  copying file ./Foundation.ttf ... 
2025-10-23 06:18:54 +0000  56976 bytes for ./Foundation.ttf
2025-10-23 06:18:54 +0000  copying file ./Ionicons.ttf ... 
2025-10-23 06:18:54 +0000  442604 bytes for ./Ionicons.ttf
2025-10-23 06:18:54 +0000  copying file ./FontAwesome5_Solid.ttf ... 
2025-10-23 06:18:54 +0000  202744 bytes for ./FontAwesome5_Solid.ttf
2025-10-23 06:18:54 +0000  copying file ./FontAwesome5_Regular.ttf ... 
2025-10-23 06:18:54 +0000  33736 bytes for ./FontAwesome5_Regular.ttf
2025-10-23 06:18:54 +0000  copying file ./React-cxxreact_privacy.bundle/PrivacyInfo.xcprivacy ... 
2025-10-23 06:18:54 +0000  552 bytes for ./React-cxxreact_privacy.bundle/PrivacyInfo.xcprivacy
2025-10-23 06:18:54 +0000  copying file ./React-cxxreact_privacy.bundle/Info.plist ... 
2025-10-23 06:18:54 +0000  792 bytes for ./React-cxxreact_privacy.bundle/Info.plist
2025-10-23 06:18:54 +0000  copying file ./FontAwesome.ttf ... 
2025-10-23 06:18:54 +0000  165548 bytes for ./FontAwesome.ttf
2025-10-23 06:18:54 +0000  copying file ./Zocial.ttf ... 
2025-10-23 06:18:54 +0000  25788 bytes for ./Zocial.ttf
2025-10-23 06:18:54 +0000  copying file ./Assets.car ... 
2025-10-23 06:18:54 +0000  493208 bytes for ./Assets.car
2025-10-23 06:18:54 +0000  copying file ./EvilIcons.ttf ... 
2025-10-23 06:18:54 +0000  13456 bytes for ./EvilIcons.ttf
2025-10-23 06:18:54 +0000  copying file ./AppIcon76x76@2x~ipad.png ... 
2025-10-23 06:18:54 +0000  5229 bytes for ./AppIcon76x76@2x~ipad.png
2025-10-23 06:18:54 +0000  copying file ./main.jsbundle ... 
2025-10-23 06:18:54 +0000  6474433 bytes for ./main.jsbundle
2025-10-23 06:18:54 +0000  copying file ./EXConstants.bundle/app.config ... 
1119 bytes for ./EXConstants.bundle/app.config
copying file ./EXConstants.bundle/Info.plist ... 
769 bytes for ./EXConstants.bundle/Info.plist
copying file ./FontAwesome6_Solid.ttf ... 
2025-10-23 06:18:54 +0000  423676 bytes for ./FontAwesome6_Solid.ttf
2025-10-23 06:18:54 +0000  copying file ./PrivacyInfo.xcprivacy ... 
2025-10-23 06:18:54 +0000  1283 bytes for ./PrivacyInfo.xcprivacy
2025-10-23 06:18:54 +0000  copying file ./RNSVGFilters.bundle/RNSVGArithmeticFilter.iphoneos.metallib ... 
2025-10-23 06:18:54 +0000  3993 bytes for ./RNSVGFilters.bundle/RNSVGArithmeticFilter.iphoneos.metallib
2025-10-23 06:18:54 +0000  copying file ./RNSVGFilters.bundle/RNSVGCompositeXor.iphoneos.metallib ... 
2025-10-23 06:18:54 +0000  3509 bytes for ./RNSVGFilters.bundle/RNSVGCompositeXor.iphoneos.metallib
2025-10-23 06:18:54 +0000  copying file ./RNSVGFilters.bundle/Info.plist ... 
2025-10-23 06:18:54 +0000  771 bytes for ./RNSVGFilters.bundle/Info.plist
2025-10-23 06:18:54 +0000  copying file ./ExpoFileSystem_privacy.bundle/PrivacyInfo.xcprivacy ... 
2025-10-23 06:18:54 +0000  877 bytes for ./ExpoFileSystem_privacy.bundle/PrivacyInfo.xcprivacy
2025-10-23 06:18:54 +0000  copying file ./ExpoFileSystem_privacy.bundle/Info.plist ... 
2025-10-23 06:18:54 +0000  793 bytes for ./ExpoFileSystem_privacy.bundle/Info.plist
2025-10-23 06:18:54 +0000  copying file ./Frameworks/React.framework/_CodeSignature/CodeResources ... 
2025-10-23 06:18:54 +0000  1798 bytes for ./Frameworks/React.framework/_CodeSignature/CodeResources
2025-10-23 06:18:54 +0000  copying file ./Frameworks/React.framework/React ... 
2025-10-23 06:18:54 +0000  11371968 bytes for ./Frameworks/React.framework/React
2025-10-23 06:18:54 +0000  copying file ./Frameworks/React.framework/Info.plist ... 
749 bytes for ./Frameworks/React.framework/Info.plist
copying file ./Frameworks/crsqlite.framework/_CodeSignature/CodeResources ... 
2025-10-23 06:18:54 +0000  1798 bytes for ./Frameworks/crsqlite.framework/_CodeSignature/CodeResources
2025-10-23 06:18:54 +0000  copying file ./Frameworks/crsqlite.framework/Info.plist ... 
2025-10-23 06:18:54 +0000  723 bytes for ./Frameworks/crsqlite.framework/Info.plist
2025-10-23 06:18:54 +0000  copying file ./Frameworks/crsqlite.framework/crsqlite ... 
2025-10-23 06:18:54 +0000  1086576 bytes for ./Frameworks/crsqlite.framework/crsqlite
2025-10-23 06:18:54 +0000  copying file ./Frameworks/ReactNativeDependencies.framework/_CodeSignature/CodeResources ... 
2025-10-23 06:18:54 +0000  3548 bytes for ./Frameworks/ReactNativeDependencies.framework/_CodeSignature/CodeResources
2025-10-23 06:18:54 +0000  copying file ./Frameworks/ReactNativeDependencies.framework/ReactNativeDependencies_folly.bundle/PrivacyInfo.xcprivacy ... 
2025-10-23 06:18:54 +0000  552 bytes for ./Frameworks/ReactNativeDependencies.framework/ReactNativeDependencies_folly.bundle/PrivacyInfo.xcprivacy
2025-10-23 06:18:54 +0000  copying file ./Frameworks/ReactNativeDependencies.framework/ReactNativeDependencies_folly.bundle/Info.plist ... 
2025-10-23 06:18:54 +0000  690 bytes for ./Frameworks/ReactNativeDependencies.framework/ReactNativeDependencies_folly.bundle/Info.plist
2025-10-23 06:18:54 +0000  copying file ./Frameworks/ReactNativeDependencies.framework/ReactNativeDependencies ... 
2025-10-23 06:18:54 +0000  1287280 bytes for ./Frameworks/ReactNativeDependencies.framework/ReactNativeDependencies
2025-10-23 06:18:54 +0000  copying file ./Frameworks/ReactNativeDependencies.framework/ReactNativeDependencies_glog.bundle/PrivacyInfo.xcprivacy ... 
552 bytes for ./Frameworks/ReactNativeDependencies.framework/ReactNativeDependencies_glog.bundle/PrivacyInfo.xcprivacy
2025-10-23 06:18:54 +0000  copying file ./Frameworks/ReactNativeDependencies.framework/ReactNativeDependencies_glog.bundle/Info.plist ... 
2025-10-23 06:18:54 +0000  688 bytes for ./Frameworks/ReactNativeDependencies.framework/ReactNativeDependencies_glog.bundle/Info.plist
2025-10-23 06:18:54 +0000  copying file ./Frameworks/ReactNativeDependencies.framework/ReactNativeDependencies_boost.bundle/PrivacyInfo.xcprivacy ... 
2025-10-23 06:18:54 +0000  776 bytes for ./Frameworks/ReactNativeDependencies.framework/ReactNativeDependencies_boost.bundle/PrivacyInfo.xcprivacy
2025-10-23 06:18:54 +0000  copying file ./Frameworks/ReactNativeDependencies.framework/ReactNativeDependencies_boost.bundle/Info.plist ... 
2025-10-23 06:18:54 +0000  690 bytes for ./Frameworks/ReactNativeDependencies.framework/ReactNativeDependencies_boost.bundle/Info.plist
2025-10-23 06:18:54 +0000  copying file ./Frameworks/ReactNativeDependencies.framework/Info.plist ... 
2025-10-23 06:18:54 +0000  782 bytes for ./Frameworks/ReactNativeDependencies.framework/Info.plist
2025-10-23 06:18:54 +0000  copying file ./Frameworks/hermes.framework/_CodeSignature/CodeResources ... 
2025-10-23 06:18:54 +0000  1798 bytes for ./Frameworks/hermes.framework/_CodeSignature/CodeResources
2025-10-23 06:18:54 +0000  copying file ./Frameworks/hermes.framework/hermes ... 
2025-10-23 06:18:54 +0000  4755616 bytes for ./Frameworks/hermes.framework/hermes
2025-10-23 06:18:54 +0000  copying file ./Frameworks/hermes.framework/Info.plist ... 
859 bytes for ./Frameworks/hermes.framework/Info.plist
copying file ./SimpleLineIcons.ttf ... 
2025-10-23 06:18:54 +0000  54056 bytes for ./SimpleLineIcons.ttf
copying file ./FontAwesome6_Brands.ttf ... 
2025-10-23 06:18:54 +0000  209376 bytes for ./FontAwesome6_Brands.ttf
2025-10-23 06:18:54 +0000  copying file ./embedded.mobileprovision ... 
2025-10-23 06:18:54 +0000  14219 bytes for ./embedded.mobileprovision
2025-10-23 06:18:54 +0000  copying file ./assets/node_modules/@react-navigation/stack/node_modules/@react-navigation/elements/lib/module/assets/back-icon@3x.png ... 
2025-10-23 06:18:54 +0000  761 bytes for ./assets/node_modules/@react-navigation/stack/node_modules/@react-navigation/elements/lib/module/assets/back-icon@3x.png
2025-10-23 06:18:54 +0000  copying file ./assets/node_modules/@react-navigation/stack/node_modules/@react-navigation/elements/lib/module/assets/back-icon@2x.png ... 
2025-10-23 06:18:54 +0000  405 bytes for ./assets/node_modules/@react-navigation/stack/node_modules/@react-navigation/elements/lib/module/assets/back-icon@2x.png
2025-10-23 06:18:54 +0000  copying file ./assets/node_modules/@react-navigation/stack/node_modules/@react-navigation/elements/lib/module/assets/search-icon@2x.png ... 
2025-10-23 06:18:54 +0000  589 bytes for ./assets/node_modules/@react-navigation/stack/node_modules/@react-navigation/elements/lib/module/assets/search-icon@2x.png
2025-10-23 06:18:54 +0000  copying file ./assets/node_modules/@react-navigation/stack/node_modules/@react-navigation/elements/lib/module/assets/clear-icon@3x.png ... 
2025-10-23 06:18:54 +0000  502 bytes for ./assets/node_modules/@react-navigation/stack/node_modules/@react-navigation/elements/lib/module/assets/clear-icon@3x.png
2025-10-23 06:18:54 +0000  copying file ./assets/node_modules/@react-navigation/stack/node_modules/@react-navigation/elements/lib/module/assets/back-icon.png ... 
2025-10-23 06:18:54 +0000  290 bytes for ./assets/node_modules/@react-navigation/stack/node_modules/@react-navigation/elements/lib/module/assets/back-icon.png
2025-10-23 06:18:54 +0000  copying file ./assets/node_modules/@react-navigation/stack/node_modules/@react-navigation/elements/lib/module/assets/clear-icon@2x.png ... 
2025-10-23 06:18:54 +0000  334 bytes for ./assets/node_modules/@react-navigation/stack/node_modules/@react-navigation/elements/lib/module/assets/clear-icon@2x.png
2025-10-23 06:18:54 +0000  copying file ./assets/node_modules/@react-navigation/stack/node_modules/@react-navigation/elements/lib/module/assets/search-icon@3x.png ... 
2025-10-23 06:18:54 +0000  839 bytes for ./assets/node_modules/@react-navigation/stack/node_modules/@react-navigation/elements/lib/module/assets/search-icon@3x.png
2025-10-23 06:18:54 +0000  copying file ./assets/node_modules/@react-navigation/stack/node_modules/@react-navigation/elements/lib/module/assets/close-icon.png ... 
2025-10-23 06:18:54 +0000  141 bytes for ./assets/node_modules/@react-navigation/stack/node_modules/@react-navigation/elements/lib/module/assets/close-icon.png
2025-10-23 06:18:54 +0000  copying file ./assets/node_modules/@react-navigation/stack/node_modules/@react-navigation/elements/lib/module/assets/back-icon-mask.png ... 
2025-10-23 06:18:54 +0000  653 bytes for ./assets/node_modules/@react-navigation/stack/node_modules/@react-navigation/elements/lib/module/assets/back-icon-mask.png
2025-10-23 06:18:54 +0000  copying file ./assets/node_modules/@react-navigation/stack/node_modules/@react-navigation/elements/lib/module/assets/close-icon@2x.png ... 
2025-10-23 06:18:54 +0000  201 bytes for ./assets/node_modules/@react-navigation/stack/node_modules/@react-navigation/elements/lib/module/assets/close-icon@2x.png
2025-10-23 06:18:54 +0000  copying file ./assets/node_modules/@react-navigation/stack/node_modules/@react-navigation/elements/lib/module/assets/close-icon@3x.png ... 
2025-10-23 06:18:54 +0000  266 bytes for ./assets/node_modules/@react-navigation/stack/node_modules/@react-navigation/elements/lib/module/assets/close-icon@3x.png
2025-10-23 06:18:54 +0000  copying file ./assets/node_modules/@react-navigation/stack/node_modules/@react-navigation/elements/lib/module/assets/clear-icon.png ... 
2025-10-23 06:18:54 +0000  220 bytes for ./assets/node_modules/@react-navigation/stack/node_modules/@react-navigation/elements/lib/module/assets/clear-icon.png
2025-10-23 06:18:54 +0000  copying file ./assets/node_modules/@react-navigation/stack/node_modules/@react-navigation/elements/lib/module/assets/search-icon.png ... 
2025-10-23 06:18:54 +0000  317 bytes for ./assets/node_modules/@react-navigation/stack/node_modules/@react-navigation/elements/lib/module/assets/search-icon.png
2025-10-23 06:18:54 +0000  copying file ./assets/node_modules/@expo/vector-icons/build/vendor/react-native-vector-icons/Fonts/Fontisto.ttf ... 
2025-10-23 06:18:54 +0000  313528 bytes for ./assets/node_modules/@expo/vector-icons/build/vendor/react-native-vector-icons/Fonts/Fontisto.ttf
2025-10-23 06:18:54 +0000  copying file ./assets/node_modules/@expo/vector-icons/build/vendor/react-native-vector-icons/Fonts/Octicons.ttf ... 
2025-10-23 06:18:54 +0000  69436 bytes for ./assets/node_modules/@expo/vector-icons/build/vendor/react-native-vector-icons/Fonts/Octicons.ttf
2025-10-23 06:18:54 +0000  copying file ./assets/node_modules/@expo/vector-icons/build/vendor/react-native-vector-icons/Fonts/Feather.ttf ... 
2025-10-23 06:18:54 +0000  55596 bytes for ./assets/node_modules/@expo/vector-icons/build/vendor/react-native-vector-icons/Fonts/Feather.ttf
2025-10-23 06:18:54 +0000  copying file ./assets/node_modules/@expo/vector-icons/build/vendor/react-native-vector-icons/Fonts/FontAwesome6_Regular.ttf ... 
2025-10-23 06:18:54 +0000  67976 bytes for ./assets/node_modules/@expo/vector-icons/build/vendor/react-native-vector-icons/Fonts/FontAwesome6_Regular.ttf
2025-10-23 06:18:54 +0000  copying file ./assets/node_modules/@expo/vector-icons/build/vendor/react-native-vector-icons/Fonts/Entypo.ttf ... 
2025-10-23 06:18:54 +0000  66200 bytes for ./assets/node_modules/@expo/vector-icons/build/vendor/react-native-vector-icons/Fonts/Entypo.ttf
2025-10-23 06:18:54 +0000  copying file ./assets/node_modules/@expo/vector-icons/build/vendor/react-native-vector-icons/Fonts/FontAwesome5_Brands.ttf ... 
2025-10-23 06:18:54 +0000  134040 bytes for ./assets/node_modules/@expo/vector-icons/build/vendor/react-native-vector-icons/Fonts/FontAwesome5_Brands.ttf
2025-10-23 06:18:54 +0000  copying file ./assets/node_modules/@expo/vector-icons/build/vendor/react-native-vector-icons/Fonts/MaterialCommunityIcons.ttf ... 
2025-10-23 06:18:54 +0000  1307660 bytes for ./assets/node_modules/@expo/vector-icons/build/vendor/react-native-vector-icons/Fonts/MaterialCommunityIcons.ttf
2025-10-23 06:18:54 +0000  copying file ./assets/node_modules/@expo/vector-icons/build/vendor/react-native-vector-icons/Fonts/AntDesign.ttf ... 
2025-10-23 06:18:54 +0000  130484 bytes for ./assets/node_modules/@expo/vector-icons/build/vendor/react-native-vector-icons/Fonts/AntDesign.ttf
2025-10-23 06:18:54 +0000  copying file ./assets/node_modules/@expo/vector-icons/build/vendor/react-native-vector-icons/Fonts/Foundation.ttf ... 
2025-10-23 06:18:54 +0000  56976 bytes for ./assets/node_modules/@expo/vector-icons/build/vendor/react-native-vector-icons/Fonts/Foundation.ttf
2025-10-23 06:18:54 +0000  copying file ./assets/node_modules/@expo/vector-icons/build/vendor/react-native-vector-icons/Fonts/Ionicons.ttf ... 
2025-10-23 06:18:54 +0000  389724 bytes for ./assets/node_modules/@expo/vector-icons/build/vendor/react-native-vector-icons/Fonts/Ionicons.ttf
2025-10-23 06:18:54 +0000  copying file ./assets/node_modules/@expo/vector-icons/build/vendor/react-native-vector-icons/Fonts/FontAwesome5_Solid.ttf ... 
2025-10-23 06:18:54 +0000  202744 bytes for ./assets/node_modules/@expo/vector-icons/build/vendor/react-native-vector-icons/Fonts/FontAwesome5_Solid.ttf
2025-10-23 06:18:54 +0000  copying file ./assets/node_modules/@expo/vector-icons/build/vendor/react-native-vector-icons/Fonts/FontAwesome5_Regular.ttf ... 
2025-10-23 06:18:54 +0000  33736 bytes for ./assets/node_modules/@expo/vector-icons/build/vendor/react-native-vector-icons/Fonts/FontAwesome5_Regular.ttf
2025-10-23 06:18:54 +0000  copying file ./assets/node_modules/@expo/vector-icons/build/vendor/react-native-vector-icons/Fonts/FontAwesome.ttf ... 
2025-10-23 06:18:54 +0000  165548 bytes for ./assets/node_modules/@expo/vector-icons/build/vendor/react-native-vector-icons/Fonts/FontAwesome.ttf
2025-10-23 06:18:54 +0000  copying file ./assets/node_modules/@expo/vector-icons/build/vendor/react-native-vector-icons/Fonts/Zocial.ttf ... 
2025-10-23 06:18:54 +0000  25788 bytes for ./assets/node_modules/@expo/vector-icons/build/vendor/react-native-vector-icons/Fonts/Zocial.ttf
2025-10-23 06:18:54 +0000  copying file ./assets/node_modules/@expo/vector-icons/build/vendor/react-native-vector-icons/Fonts/EvilIcons.ttf ... 
2025-10-23 06:18:54 +0000  13456 bytes for ./assets/node_modules/@expo/vector-icons/build/vendor/react-native-vector-icons/Fonts/EvilIcons.ttf
2025-10-23 06:18:54 +0000  copying file ./assets/node_modules/@expo/vector-icons/build/vendor/react-native-vector-icons/Fonts/FontAwesome6_Solid.ttf ... 
2025-10-23 06:18:54 +0000  423676 bytes for ./assets/node_modules/@expo/vector-icons/build/vendor/react-native-vector-icons/Fonts/FontAwesome6_Solid.ttf
copying file ./assets/node_modules/@expo/vector-icons/build/vendor/react-native-vector-icons/Fonts/SimpleLineIcons.ttf ... 
2025-10-23 06:18:54 +0000  54056 bytes for ./assets/node_modules/@expo/vector-icons/build/vendor/react-native-vector-icons/Fonts/SimpleLineIcons.ttf
2025-10-23 06:18:54 +0000  copying file ./assets/node_modules/@expo/vector-icons/build/vendor/react-native-vector-icons/Fonts/FontAwesome6_Brands.ttf ... 
2025-10-23 06:18:54 +0000  209376 bytes for ./assets/node_modules/@expo/vector-icons/build/vendor/react-native-vector-icons/Fonts/FontAwesome6_Brands.ttf
2025-10-23 06:18:54 +0000  copying file ./assets/node_modules/@expo/vector-icons/build/vendor/react-native-vector-icons/Fonts/MaterialIcons.ttf ... 
2025-10-23 06:18:54 +0000  356840 bytes for ./assets/node_modules/@expo/vector-icons/build/vendor/react-native-vector-icons/Fonts/MaterialIcons.ttf
2025-10-23 06:18:54 +0000  copying file ./assets/assets/LeftLateral2.png ... 
2025-10-23 06:18:54 +0000  1315340 bytes for ./assets/assets/LeftLateral2.png
2025-10-23 06:18:54 +0000  copying file ./assets/assets/DarkLogo.jpg ... 
2025-10-23 06:18:54 +0000  36474 bytes for ./assets/assets/DarkLogo.jpg
2025-10-23 06:18:54 +0000  copying file ./assets/assets/RightLateral2.png ... 
2025-10-23 06:18:54 +0000  1419732 bytes for ./assets/assets/RightLateral2.png
2025-10-23 06:18:54 +0000  copying file ./assets/assets/Flexion.png ... 
2025-10-23 06:18:54 +0000  256671 bytes for ./assets/assets/Flexion.png
2025-10-23 06:18:54 +0000  copying file ./assets/assets/Splash.png ... 
2025-10-23 06:18:54 +0000  361552 bytes for ./assets/assets/Splash.png
2025-10-23 06:18:54 +0000  copying file ./assets/assets/LeftRotation.png ... 
2025-10-23 06:18:54 +0000  245559 bytes for ./assets/assets/LeftRotation.png
2025-10-23 06:18:54 +0000  copying file ./assets/assets/WhiteLogo.png ... 
2025-10-23 06:18:54 +0000  210844 bytes for ./assets/assets/WhiteLogo.png
2025-10-23 06:18:54 +0000  copying file ./assets/assets/RightRotation.png ... 
2025-10-23 06:18:54 +0000  646802 bytes for ./assets/assets/RightRotation.png
2025-10-23 06:18:54 +0000  copying file ./assets/assets/Extension.png ... 
2025-10-23 06:18:54 +0000  258464 bytes for ./assets/assets/Extension.png
2025-10-23 06:18:54 +0000  copying file ./HeadX ... 
2025-10-23 06:18:54 +0000  7090208 bytes for ./HeadX
2025-10-23 06:18:54 +0000  copying file ./Info.plist ... 
2013 bytes for ./Info.plist
copying file ./Expo.plist ... 
243 bytes for ./Expo.plist
copying file ./PkgInfo ... 
8 bytes for ./PkgInfo
copying file ./MaterialIcons.ttf ... 
2025-10-23 06:18:54 +0000  356840 bytes for ./MaterialIcons.ttf
2025-10-23 06:18:54 +0000  copying file ./React-Core_privacy.bundle/PrivacyInfo.xcprivacy ... 
2025-10-23 06:18:54 +0000  768 bytes for ./React-Core_privacy.bundle/PrivacyInfo.xcprivacy
2025-10-23 06:18:54 +0000  copying file ./React-Core_privacy.bundle/Info.plist ... 
2025-10-23 06:18:54 +0000  784 bytes for ./React-Core_privacy.bundle/Info.plist
2025-10-23 06:18:54 +0000  /usr/bin/ditto exited with 0
2025-10-23 06:18:54 +0000  Processing step: IDEDistributionEmbedProfileStep
2025-10-23 06:18:54 +0000  Skipping profile for item: <IDEDistributionItem: 0x6000bc0192c0; bundleID='react-native.React', path='<DVTFilePath:0x6000bc064840:'/Users/phanthi/Library/Developer/Xcode/Archives/2025-10-23/HeadX 23-10-25, 13.18.xcarchive/Products/Applications/HeadX.app/Frameworks/React.framework'>', codeSigningInfo='<_DVTCodeSigningInformation_Path: 0x6000bc03e820; isSigned='1', isAdHocSigned='0', signingCertificate='<DVTSigningCertificate: 0x60003dee0240; name='Apple Distribution: Thi My Dung Ho (X894B9K2Z3)', hash='E1AD18EB7843893CC3127771691D46128C494E34', serialNumber='31A08B8EE717BC701CEE30FD3F38E64B', certificateKinds='(
    "1.2.840.113635.100.6.1.7",
    "1.2.840.113635.100.6.1.4"
), issueDate='2025-10-23 05:22:02 +0000''>', entitlements='(null)', teamID='X894B9K2Z3', identifier='react-native.React', executablePath='<DVTFilePath:0x6000bc04c300:'/Users/phanthi/Library/Developer/Xcode/Archives/2025-10-23/HeadX 23-10-25, 13.18.xcarchive/Products/Applications/HeadX.app/Frameworks/React.framework/React'>', hardenedRuntime='0'>'>
2025-10-23 06:18:54 +0000  Skipping profile for item: <IDEDistributionItem: 0x6000bc0197a0; bundleID='third-party.ReactNativeDependencies', path='<DVTFilePath:0x60003cae1f80:'/Users/phanthi/Library/Developer/Xcode/Archives/2025-10-23/HeadX 23-10-25, 13.18.xcarchive/Products/Applications/HeadX.app/Frameworks/ReactNativeDependencies.framework'>', codeSigningInfo='<_DVTCodeSigningInformation_Path: 0x6000bc04df20; isSigned='1', isAdHocSigned='0', signingCertificate='<DVTSigningCertificate: 0x60003dee0240; name='Apple Distribution: Thi My Dung Ho (X894B9K2Z3)', hash='E1AD18EB7843893CC3127771691D46128C494E34', serialNumber='31A08B8EE717BC701CEE30FD3F38E64B', certificateKinds='(
    "1.2.840.113635.100.6.1.7",
    "1.2.840.113635.100.6.1.4"
), issueDate='2025-10-23 05:22:02 +0000''>', entitlements='(null)', teamID='X894B9K2Z3', identifier='third-party.ReactNativeDependencies', executablePath='<DVTFilePath:0x60009cf3e1b0:'/Users/phanthi/Library/Developer/Xcode/Archives/2025-10-23/HeadX 23-10-25, 13.18.xcarchive/Products/Applications/HeadX.app/Frameworks/ReactNativeDependencies.framework/ReactNativeDependencies'>', hardenedRuntime='0'>'>
2025-10-23 06:18:54 +0000  Skipping profile for item: <IDEDistributionItem: 0x6000bc030060; bundleID='io.vlcn.crsqlite', path='<DVTFilePath:0x60009cf22530:'/Users/phanthi/Library/Developer/Xcode/Archives/2025-10-23/HeadX 23-10-25, 13.18.xcarchive/Products/Applications/HeadX.app/Frameworks/crsqlite.framework'>', codeSigningInfo='<_DVTCodeSigningInformation_Path: 0x6000bc019440; isSigned='1', isAdHocSigned='0', signingCertificate='<DVTSigningCertificate: 0x60003dee0240; name='Apple Distribution: Thi My Dung Ho (X894B9K2Z3)', hash='E1AD18EB7843893CC3127771691D46128C494E34', serialNumber='31A08B8EE717BC701CEE30FD3F38E64B', certificateKinds='(
    "1.2.840.113635.100.6.1.7",
    "1.2.840.113635.100.6.1.4"
), issueDate='2025-10-23 05:22:02 +0000''>', entitlements='(null)', teamID='X894B9K2Z3', identifier='io.vlcn.crsqlite', executablePath='<DVTFilePath:0x6000bc06dc20:'/Users/phanthi/Library/Developer/Xcode/Archives/2025-10-23/HeadX 23-10-25, 13.18.xcarchive/Products/Applications/HeadX.app/Frameworks/crsqlite.framework/crsqlite'>', hardenedRuntime='0'>'>
2025-10-23 06:18:54 +0000  Skipping profile for item: <IDEDistributionItem: 0x6000bc034b40; bundleID='dev.hermesengine.iphoneos', path='<DVTFilePath:0x60009cf20380:'/Users/phanthi/Library/Developer/Xcode/Archives/2025-10-23/HeadX 23-10-25, 13.18.xcarchive/Products/Applications/HeadX.app/Frameworks/hermes.framework'>', codeSigningInfo='<_DVTCodeSigningInformation_Path: 0x6000bc019740; isSigned='1', isAdHocSigned='0', signingCertificate='<DVTSigningCertificate: 0x60003dee0240; name='Apple Distribution: Thi My Dung Ho (X894B9K2Z3)', hash='E1AD18EB7843893CC3127771691D46128C494E34', serialNumber='31A08B8EE717BC701CEE30FD3F38E64B', certificateKinds='(
    "1.2.840.113635.100.6.1.7",
    "1.2.840.113635.100.6.1.4"
), issueDate='2025-10-23 05:22:02 +0000''>', entitlements='(null)', teamID='X894B9K2Z3', identifier='dev.hermesengine.iphoneos', executablePath='<DVTFilePath:0x6000bc06f8a0:'/Users/phanthi/Library/Developer/Xcode/Archives/2025-10-23/HeadX 23-10-25, 13.18.xcarchive/Products/Applications/HeadX.app/Frameworks/hermes.framework/hermes'>', hardenedRuntime='0'>'>
2025-10-23 06:18:54 +0000  Processing step: IDEDistributionInfoPlistStep
2025-10-23 06:18:54 +0000  Skipping step: IDEDistributionInfoPlistStep because it said so
2025-10-23 06:18:54 +0000  Skipping step: IDEDistributionInfoPlistStep because it said so
2025-10-23 06:18:54 +0000  Skipping step: IDEDistributionInfoPlistStep because it said so
2025-10-23 06:18:54 +0000  Skipping step: IDEDistributionInfoPlistStep because it said so
2025-10-23 06:18:54 +0000  Skipping step: IDEDistributionInfoPlistStep because it said so
2025-10-23 06:18:54 +0000  Processing step: IDEDistributionAppThinningPlistStep
2025-10-23 06:18:54 +0000  Skipping step: IDEDistributionAppThinningPlistStep because it said so
2025-10-23 06:18:54 +0000  Processing step: IDEDistributionSymbolsStep
2025-10-23 06:18:54 +0000  Skipping step: IDEDistributionSymbolsStep because it said so
2025-10-23 06:18:54 +0000  Processing step: IDEDistributionAppThinningStep
2025-10-23 06:18:54 +0000  Skipping step: IDEDistributionAppThinningStep because it said so
2025-10-23 06:18:54 +0000  Processing step: IDEDistributionArchThinningStep
2025-10-23 06:18:54 +0000  Archs to thin for item /Users/phanthi/Library/Developer/Xcode/Archives/2025-10-23/HeadX 23-10-25, 13.18.xcarchive/Products/Applications/HeadX.app/Frameworks/React.framework are []
2025-10-23 06:18:54 +0000  Archs to thin for item /Users/phanthi/Library/Developer/Xcode/Archives/2025-10-23/HeadX 23-10-25, 13.18.xcarchive/Products/Applications/HeadX.app/Frameworks/ReactNativeDependencies.framework are []
2025-10-23 06:18:54 +0000  Archs to thin for item /Users/phanthi/Library/Developer/Xcode/Archives/2025-10-23/HeadX 23-10-25, 13.18.xcarchive/Products/Applications/HeadX.app/Frameworks/crsqlite.framework are []
2025-10-23 06:18:54 +0000  Archs to thin for item /Users/phanthi/Library/Developer/Xcode/Archives/2025-10-23/HeadX 23-10-25, 13.18.xcarchive/Products/Applications/HeadX.app/Frameworks/hermes.framework are []
2025-10-23 06:18:54 +0000  Archs to thin for item /Users/phanthi/Library/Developer/Xcode/Archives/2025-10-23/HeadX 23-10-25, 13.18.xcarchive/Products/Applications/HeadX.app are []
2025-10-23 06:18:54 +0000  Processing step: IDEDistributionODRStep
2025-10-23 06:18:54 +0000  Processing step: IDEDistributionStripXattrsStep
2025-10-23 06:18:54 +0000  Skipping stripping extended attributes because the codesign step will strip them.
2025-10-23 06:18:54 +0000  Skipping stripping extended attributes because the codesign step will strip them.
2025-10-23 06:18:54 +0000  Skipping stripping extended attributes because the codesign step will strip them.
2025-10-23 06:18:54 +0000  Skipping stripping extended attributes because the codesign step will strip them.
2025-10-23 06:18:54 +0000  Skipping stripping extended attributes because the codesign step will strip them.
2025-10-23 06:18:54 +0000  Processing step: IDEDistributionCodesignStep
2025-10-23 06:18:54 +0000  Entitlements for <IDEDistributionItem: 0x6000bc0192c0; bundleID='react-native.React', path='<DVTFilePath:0x6000bc064840:'/Users/phanthi/Library/Developer/Xcode/Archives/2025-10-23/HeadX 23-10-25, 13.18.xcarchive/Products/Applications/HeadX.app/Frameworks/React.framework'>', codeSigningInfo='<_DVTCodeSigningInformation_Path: 0x6000bc03e820; isSigned='1', isAdHocSigned='0', signingCertificate='<DVTSigningCertificate: 0x60003dee2ac0; name='Apple Distribution: Thi My Dung Ho (X894B9K2Z3)', hash='E1AD18EB7843893CC3127771691D46128C494E34', serialNumber='31A08B8EE717BC701CEE30FD3F38E64B', certificateKinds='(
    "1.2.840.113635.100.6.1.7",
    "1.2.840.113635.100.6.1.4"
), issueDate='2025-10-23 05:22:02 +0000''>', entitlements='(null)', teamID='X894B9K2Z3', identifier='react-native.React', executablePath='<DVTFilePath:0x6000bc04c300:'/Users/phanthi/Library/Developer/Xcode/Archives/2025-10-23/HeadX 23-10-25, 13.18.xcarchive/Products/Applications/HeadX.app/Frameworks/React.framework/React'>', hardenedRuntime='0'>'>: {
}
2025-10-23 06:18:54 +0000  Associated App Clip Identifiers Filter: Skipping because "com.apple.developer.associated-appclip-app-identifiers" is not present
2025-10-23 06:18:54 +0000  Entitlements for <IDEDistributionItem: 0x6000bc0192c0; bundleID='react-native.React', path='<DVTFilePath:0x6000bc064840:'/Users/phanthi/Library/Developer/Xcode/Archives/2025-10-23/HeadX 23-10-25, 13.18.xcarchive/Products/Applications/HeadX.app/Frameworks/React.framework'>', codeSigningInfo='<_DVTCodeSigningInformation_Path: 0x6000bc03e820; isSigned='1', isAdHocSigned='0', signingCertificate='<DVTSigningCertificate: 0x60003dee2ac0; name='Apple Distribution: Thi My Dung Ho (X894B9K2Z3)', hash='E1AD18EB7843893CC3127771691D46128C494E34', serialNumber='31A08B8EE717BC701CEE30FD3F38E64B', certificateKinds='(
    "1.2.840.113635.100.6.1.7",
    "1.2.840.113635.100.6.1.4"
), issueDate='2025-10-23 05:22:02 +0000''>', entitlements='(null)', teamID='X894B9K2Z3', identifier='react-native.React', executablePath='<DVTFilePath:0x6000bc04c300:'/Users/phanthi/Library/Developer/Xcode/Archives/2025-10-23/HeadX 23-10-25, 13.18.xcarchive/Products/Applications/HeadX.app/Frameworks/React.framework/React'>', hardenedRuntime='0'>'> are: {
}
2025-10-23 06:18:54 +0000  Writing entitlements for <IDEDistributionItem: 0x6000bc0192c0; bundleID='react-native.React', path='<DVTFilePath:0x6000bc064840:'/Users/phanthi/Library/Developer/Xcode/Archives/2025-10-23/HeadX 23-10-25, 13.18.xcarchive/Products/Applications/HeadX.app/Frameworks/React.framework'>', codeSigningInfo='<_DVTCodeSigningInformation_Path: 0x6000bc03e820; isSigned='1', isAdHocSigned='0', signingCertificate='<DVTSigningCertificate: 0x60003dee2ac0; name='Apple Distribution: Thi My Dung Ho (X894B9K2Z3)', hash='E1AD18EB7843893CC3127771691D46128C494E34', serialNumber='31A08B8EE717BC701CEE30FD3F38E64B', certificateKinds='(
    "1.2.840.113635.100.6.1.7",
    "1.2.840.113635.100.6.1.4"
), issueDate='2025-10-23 05:22:02 +0000''>', entitlements='(null)', teamID='X894B9K2Z3', identifier='react-native.React', executablePath='<DVTFilePath:0x6000bc04c300:'/Users/phanthi/Library/Developer/Xcode/Archives/2025-10-23/HeadX 23-10-25, 13.18.xcarchive/Products/Applications/HeadX.app/Frameworks/React.framework/React'>', hardenedRuntime='0'>'> to: /var/folders/kl/fhcdj8712yn46ty7p1ndsjr80000gn/T/XcodeDistPipeline.~~~6Mex7k/entitlements~~~35UDK8
2025-10-23 06:18:54 +0000  invoking codesign: <NSConcreteTask: 0x6000407493b0; launchPath='/usr/bin/codesign', arguments='(
    "-f",
    "-s",
    E1AD18EB7843893CC3127771691D46128C494E34,
    "--entitlements",
    "/var/folders/kl/fhcdj8712yn46ty7p1ndsjr80000gn/T/XcodeDistPipeline.~~~6Mex7k/entitlements~~~35UDK8",
    "--preserve-metadata=identifier,flags,runtime,launch-constraints,library-constraints",
    "--generate-entitlement-der",
    "--strip-disallowed-xattrs",
    "-vvv",
    "/var/folders/kl/fhcdj8712yn46ty7p1ndsjr80000gn/T/XcodeDistPipeline.~~~6Mex7k/Root/Payload/HeadX.app/Frameworks/React.framework"
)'>
2025-10-23 06:18:55 +0000  codesign output: /var/folders/kl/fhcdj8712yn46ty7p1ndsjr80000gn/T/XcodeDistPipeline.~~~6Mex7k/Root/Payload/HeadX.app/Frameworks/React.framework: replacing existing signature
/var/folders/kl/fhcdj8712yn46ty7p1ndsjr80000gn/T/XcodeDistPipeline.~~~6Mex7k/Root/Payload/HeadX.app/Frameworks/React.framework: signed bundle with Mach-O thin (arm64) [react-native.React]
2025-10-23 06:18:55 +0000  Entitlements for <IDEDistributionItem: 0x6000bc0197a0; bundleID='third-party.ReactNativeDependencies', path='<DVTFilePath:0x60003cae1f80:'/Users/phanthi/Library/Developer/Xcode/Archives/2025-10-23/HeadX 23-10-25, 13.18.xcarchive/Products/Applications/HeadX.app/Frameworks/ReactNativeDependencies.framework'>', codeSigningInfo='<_DVTCodeSigningInformation_Path: 0x6000bc04df20; isSigned='1', isAdHocSigned='0', signingCertificate='<DVTSigningCertificate: 0x60003dee2ac0; name='Apple Distribution: Thi My Dung Ho (X894B9K2Z3)', hash='E1AD18EB7843893CC3127771691D46128C494E34', serialNumber='31A08B8EE717BC701CEE30FD3F38E64B', certificateKinds='(
    "1.2.840.113635.100.6.1.7",
    "1.2.840.113635.100.6.1.4"
), issueDate='2025-10-23 05:22:02 +0000''>', entitlements='(null)', teamID='X894B9K2Z3', identifier='third-party.ReactNativeDependencies', executablePath='<DVTFilePath:0x60009cf3e1b0:'/Users/phanthi/Library/Developer/Xcode/Archives/2025-10-23/HeadX 23-10-25, 13.18.xcarchive/Products/Applications/HeadX.app/Frameworks/ReactNativeDependencies.framework/ReactNativeDependencies'>', hardenedRuntime='0'>'>: {
}
2025-10-23 06:18:55 +0000  Associated App Clip Identifiers Filter: Skipping because "com.apple.developer.associated-appclip-app-identifiers" is not present
2025-10-23 06:18:55 +0000  Entitlements for <IDEDistributionItem: 0x6000bc0197a0; bundleID='third-party.ReactNativeDependencies', path='<DVTFilePath:0x60003cae1f80:'/Users/phanthi/Library/Developer/Xcode/Archives/2025-10-23/HeadX 23-10-25, 13.18.xcarchive/Products/Applications/HeadX.app/Frameworks/ReactNativeDependencies.framework'>', codeSigningInfo='<_DVTCodeSigningInformation_Path: 0x6000bc04df20; isSigned='1', isAdHocSigned='0', signingCertificate='<DVTSigningCertificate: 0x60003dee2ac0; name='Apple Distribution: Thi My Dung Ho (X894B9K2Z3)', hash='E1AD18EB7843893CC3127771691D46128C494E34', serialNumber='31A08B8EE717BC701CEE30FD3F38E64B', certificateKinds='(
    "1.2.840.113635.100.6.1.7",
    "1.2.840.113635.100.6.1.4"
), issueDate='2025-10-23 05:22:02 +0000''>', entitlements='(null)', teamID='X894B9K2Z3', identifier='third-party.ReactNativeDependencies', executablePath='<DVTFilePath:0x60009cf3e1b0:'/Users/phanthi/Library/Developer/Xcode/Archives/2025-10-23/HeadX 23-10-25, 13.18.xcarchive/Products/Applications/HeadX.app/Frameworks/ReactNativeDependencies.framework/ReactNativeDependencies'>', hardenedRuntime='0'>'> are: {
}
2025-10-23 06:18:55 +0000  Writing entitlements for <IDEDistributionItem: 0x6000bc0197a0; bundleID='third-party.ReactNativeDependencies', path='<DVTFilePath:0x60003cae1f80:'/Users/phanthi/Library/Developer/Xcode/Archives/2025-10-23/HeadX 23-10-25, 13.18.xcarchive/Products/Applications/HeadX.app/Frameworks/ReactNativeDependencies.framework'>', codeSigningInfo='<_DVTCodeSigningInformation_Path: 0x6000bc04df20; isSigned='1', isAdHocSigned='0', signingCertificate='<DVTSigningCertificate: 0x60003dee2ac0; name='Apple Distribution: Thi My Dung Ho (X894B9K2Z3)', hash='E1AD18EB7843893CC3127771691D46128C494E34', serialNumber='31A08B8EE717BC701CEE30FD3F38E64B', certificateKinds='(
    "1.2.840.113635.100.6.1.7",
    "1.2.840.113635.100.6.1.4"
), issueDate='2025-10-23 05:22:02 +0000''>', entitlements='(null)', teamID='X894B9K2Z3', identifier='third-party.ReactNativeDependencies', executablePath='<DVTFilePath:0x60009cf3e1b0:'/Users/phanthi/Library/Developer/Xcode/Archives/2025-10-23/HeadX 23-10-25, 13.18.xcarchive/Products/Applications/HeadX.app/Frameworks/ReactNativeDependencies.framework/ReactNativeDependencies'>', hardenedRuntime='0'>'> to: /var/folders/kl/fhcdj8712yn46ty7p1ndsjr80000gn/T/XcodeDistPipeline.~~~6Mex7k/entitlements~~~RaBeUO
2025-10-23 06:18:55 +0000  invoking codesign: <NSConcreteTask: 0x6000405fcdc0; launchPath='/usr/bin/codesign', arguments='(
    "-f",
    "-s",
    E1AD18EB7843893CC3127771691D46128C494E34,
    "--entitlements",
    "/var/folders/kl/fhcdj8712yn46ty7p1ndsjr80000gn/T/XcodeDistPipeline.~~~6Mex7k/entitlements~~~RaBeUO",
    "--preserve-metadata=identifier,flags,runtime,launch-constraints,library-constraints",
    "--generate-entitlement-der",
    "--strip-disallowed-xattrs",
    "-vvv",
    "/var/folders/kl/fhcdj8712yn46ty7p1ndsjr80000gn/T/XcodeDistPipeline.~~~6Mex7k/Root/Payload/HeadX.app/Frameworks/ReactNativeDependencies.framework"
)'>
2025-10-23 06:18:55 +0000  codesign output: /var/folders/kl/fhcdj8712yn46ty7p1ndsjr80000gn/T/XcodeDistPipeline.~~~6Mex7k/Root/Payload/HeadX.app/Frameworks/ReactNativeDependencies.framework: replacing existing signature
/var/folders/kl/fhcdj8712yn46ty7p1ndsjr80000gn/T/XcodeDistPipeline.~~~6Mex7k/Root/Payload/HeadX.app/Frameworks/ReactNativeDependencies.framework: signed bundle with Mach-O thin (arm64) [third-party.ReactNativeDependencies]
2025-10-23 06:18:55 +0000  Entitlements for <IDEDistributionItem: 0x6000bc030060; bundleID='io.vlcn.crsqlite', path='<DVTFilePath:0x60009cf22530:'/Users/phanthi/Library/Developer/Xcode/Archives/2025-10-23/HeadX 23-10-25, 13.18.xcarchive/Products/Applications/HeadX.app/Frameworks/crsqlite.framework'>', codeSigningInfo='<_DVTCodeSigningInformation_Path: 0x6000bc019440; isSigned='1', isAdHocSigned='0', signingCertificate='<DVTSigningCertificate: 0x60003dee89c0; name='Apple Distribution: Thi My Dung Ho (X894B9K2Z3)', hash='E1AD18EB7843893CC3127771691D46128C494E34', serialNumber='31A08B8EE717BC701CEE30FD3F38E64B', certificateKinds='(
    "1.2.840.113635.100.6.1.7",
    "1.2.840.113635.100.6.1.4"
), issueDate='2025-10-23 05:22:02 +0000''>', entitlements='(null)', teamID='X894B9K2Z3', identifier='io.vlcn.crsqlite', executablePath='<DVTFilePath:0x6000bc06dc20:'/Users/phanthi/Library/Developer/Xcode/Archives/2025-10-23/HeadX 23-10-25, 13.18.xcarchive/Products/Applications/HeadX.app/Frameworks/crsqlite.framework/crsqlite'>', hardenedRuntime='0'>'>: {
}
2025-10-23 06:18:55 +0000  Associated App Clip Identifiers Filter: Skipping because "com.apple.developer.associated-appclip-app-identifiers" is not present
2025-10-23 06:18:55 +0000  Entitlements for <IDEDistributionItem: 0x6000bc030060; bundleID='io.vlcn.crsqlite', path='<DVTFilePath:0x60009cf22530:'/Users/phanthi/Library/Developer/Xcode/Archives/2025-10-23/HeadX 23-10-25, 13.18.xcarchive/Products/Applications/HeadX.app/Frameworks/crsqlite.framework'>', codeSigningInfo='<_DVTCodeSigningInformation_Path: 0x6000bc019440; isSigned='1', isAdHocSigned='0', signingCertificate='<DVTSigningCertificate: 0x60003dee0240; name='Apple Distribution: Thi My Dung Ho (X894B9K2Z3)', hash='E1AD18EB7843893CC3127771691D46128C494E34', serialNumber='31A08B8EE717BC701CEE30FD3F38E64B', certificateKinds='(
    "1.2.840.113635.100.6.1.7",
    "1.2.840.113635.100.6.1.4"
), issueDate='2025-10-23 05:22:02 +0000''>', entitlements='(null)', teamID='X894B9K2Z3', identifier='io.vlcn.crsqlite', executablePath='<DVTFilePath:0x6000bc06dc20:'/Users/phanthi/Library/Developer/Xcode/Archives/2025-10-23/HeadX 23-10-25, 13.18.xcarchive/Products/Applications/HeadX.app/Frameworks/crsqlite.framework/crsqlite'>', hardenedRuntime='0'>'> are: {
}
2025-10-23 06:18:55 +0000  Writing entitlements for <IDEDistributionItem: 0x6000bc030060; bundleID='io.vlcn.crsqlite', path='<DVTFilePath:0x60009cf22530:'/Users/phanthi/Library/Developer/Xcode/Archives/2025-10-23/HeadX 23-10-25, 13.18.xcarchive/Products/Applications/HeadX.app/Frameworks/crsqlite.framework'>', codeSigningInfo='<_DVTCodeSigningInformation_Path: 0x6000bc019440; isSigned='1', isAdHocSigned='0', signingCertificate='<DVTSigningCertificate: 0x60003dee0240; name='Apple Distribution: Thi My Dung Ho (X894B9K2Z3)', hash='E1AD18EB7843893CC3127771691D46128C494E34', serialNumber='31A08B8EE717BC701CEE30FD3F38E64B', certificateKinds='(
    "1.2.840.113635.100.6.1.7",
    "1.2.840.113635.100.6.1.4"
), issueDate='2025-10-23 05:22:02 +0000''>', entitlements='(null)', teamID='X894B9K2Z3', identifier='io.vlcn.crsqlite', executablePath='<DVTFilePath:0x6000bc06dc20:'/Users/phanthi/Library/Developer/Xcode/Archives/2025-10-23/HeadX 23-10-25, 13.18.xcarchive/Products/Applications/HeadX.app/Frameworks/crsqlite.framework/crsqlite'>', hardenedRuntime='0'>'> to: /var/folders/kl/fhcdj8712yn46ty7p1ndsjr80000gn/T/XcodeDistPipeline.~~~6Mex7k/entitlements~~~YNZuil
2025-10-23 06:18:55 +0000  invoking codesign: <NSConcreteTask: 0x6000405fe710; launchPath='/usr/bin/codesign', arguments='(
    "-f",
    "-s",
    E1AD18EB7843893CC3127771691D46128C494E34,
    "--entitlements",
    "/var/folders/kl/fhcdj8712yn46ty7p1ndsjr80000gn/T/XcodeDistPipeline.~~~6Mex7k/entitlements~~~YNZuil",
    "--preserve-metadata=identifier,flags,runtime,launch-constraints,library-constraints",
    "--generate-entitlement-der",
    "--strip-disallowed-xattrs",
    "-vvv",
    "/var/folders/kl/fhcdj8712yn46ty7p1ndsjr80000gn/T/XcodeDistPipeline.~~~6Mex7k/Root/Payload/HeadX.app/Frameworks/crsqlite.framework"
)'>
2025-10-23 06:18:55 +0000  codesign output: /var/folders/kl/fhcdj8712yn46ty7p1ndsjr80000gn/T/XcodeDistPipeline.~~~6Mex7k/Root/Payload/HeadX.app/Frameworks/crsqlite.framework: replacing existing signature
/var/folders/kl/fhcdj8712yn46ty7p1ndsjr80000gn/T/XcodeDistPipeline.~~~6Mex7k/Root/Payload/HeadX.app/Frameworks/crsqlite.framework: signed bundle with Mach-O thin (arm64) [io.vlcn.crsqlite]
2025-10-23 06:18:55 +0000  Entitlements for <IDEDistributionItem: 0x6000bc034b40; bundleID='dev.hermesengine.iphoneos', path='<DVTFilePath:0x60009cf20380:'/Users/phanthi/Library/Developer/Xcode/Archives/2025-10-23/HeadX 23-10-25, 13.18.xcarchive/Products/Applications/HeadX.app/Frameworks/hermes.framework'>', codeSigningInfo='<_DVTCodeSigningInformation_Path: 0x6000bc019740; isSigned='1', isAdHocSigned='0', signingCertificate='<DVTSigningCertificate: 0x60003dee2ac0; name='Apple Distribution: Thi My Dung Ho (X894B9K2Z3)', hash='E1AD18EB7843893CC3127771691D46128C494E34', serialNumber='31A08B8EE717BC701CEE30FD3F38E64B', certificateKinds='(
    "1.2.840.113635.100.6.1.7",
    "1.2.840.113635.100.6.1.4"
), issueDate='2025-10-23 05:22:02 +0000''>', entitlements='(null)', teamID='X894B9K2Z3', identifier='dev.hermesengine.iphoneos', executablePath='<DVTFilePath:0x6000bc06f8a0:'/Users/phanthi/Library/Developer/Xcode/Archives/2025-10-23/HeadX 23-10-25, 13.18.xcarchive/Products/Applications/HeadX.app/Frameworks/hermes.framework/hermes'>', hardenedRuntime='0'>'>: {
}
2025-10-23 06:18:55 +0000  Associated App Clip Identifiers Filter: Skipping because "com.apple.developer.associated-appclip-app-identifiers" is not present
2025-10-23 06:18:55 +0000  Entitlements for <IDEDistributionItem: 0x6000bc034b40; bundleID='dev.hermesengine.iphoneos', path='<DVTFilePath:0x60009cf20380:'/Users/phanthi/Library/Developer/Xcode/Archives/2025-10-23/HeadX 23-10-25, 13.18.xcarchive/Products/Applications/HeadX.app/Frameworks/hermes.framework'>', codeSigningInfo='<_DVTCodeSigningInformation_Path: 0x6000bc019740; isSigned='1', isAdHocSigned='0', signingCertificate='<DVTSigningCertificate: 0x60003dee2ac0; name='Apple Distribution: Thi My Dung Ho (X894B9K2Z3)', hash='E1AD18EB7843893CC3127771691D46128C494E34', serialNumber='31A08B8EE717BC701CEE30FD3F38E64B', certificateKinds='(
    "1.2.840.113635.100.6.1.7",
    "1.2.840.113635.100.6.1.4"
), issueDate='2025-10-23 05:22:02 +0000''>', entitlements='(null)', teamID='X894B9K2Z3', identifier='dev.hermesengine.iphoneos', executablePath='<DVTFilePath:0x6000bc06f8a0:'/Users/phanthi/Library/Developer/Xcode/Archives/2025-10-23/HeadX 23-10-25, 13.18.xcarchive/Products/Applications/HeadX.app/Frameworks/hermes.framework/hermes'>', hardenedRuntime='0'>'> are: {
}
2025-10-23 06:18:55 +0000  Writing entitlements for <IDEDistributionItem: 0x6000bc034b40; bundleID='dev.hermesengine.iphoneos', path='<DVTFilePath:0x60009cf20380:'/Users/phanthi/Library/Developer/Xcode/Archives/2025-10-23/HeadX 23-10-25, 13.18.xcarchive/Products/Applications/HeadX.app/Frameworks/hermes.framework'>', codeSigningInfo='<_DVTCodeSigningInformation_Path: 0x6000bc019740; isSigned='1', isAdHocSigned='0', signingCertificate='<DVTSigningCertificate: 0x60003dee2ac0; name='Apple Distribution: Thi My Dung Ho (X894B9K2Z3)', hash='E1AD18EB7843893CC3127771691D46128C494E34', serialNumber='31A08B8EE717BC701CEE30FD3F38E64B', certificateKinds='(
    "1.2.840.113635.100.6.1.7",
    "1.2.840.113635.100.6.1.4"
), issueDate='2025-10-23 05:22:02 +0000''>', entitlements='(null)', teamID='X894B9K2Z3', identifier='dev.hermesengine.iphoneos', executablePath='<DVTFilePath:0x6000bc06f8a0:'/Users/phanthi/Library/Developer/Xcode/Archives/2025-10-23/HeadX 23-10-25, 13.18.xcarchive/Products/Applications/HeadX.app/Frameworks/hermes.framework/hermes'>', hardenedRuntime='0'>'> to: /var/folders/kl/fhcdj8712yn46ty7p1ndsjr80000gn/T/XcodeDistPipeline.~~~6Mex7k/entitlements~~~7FZbSi
2025-10-23 06:18:55 +0000  invoking codesign: <NSConcreteTask: 0x60002c38c5a0; launchPath='/usr/bin/codesign', arguments='(
    "-f",
    "-s",
    E1AD18EB7843893CC3127771691D46128C494E34,
    "--entitlements",
    "/var/folders/kl/fhcdj8712yn46ty7p1ndsjr80000gn/T/XcodeDistPipeline.~~~6Mex7k/entitlements~~~7FZbSi",
    "--preserve-metadata=identifier,flags,runtime,launch-constraints,library-constraints",
    "--generate-entitlement-der",
    "--strip-disallowed-xattrs",
    "-vvv",
    "/var/folders/kl/fhcdj8712yn46ty7p1ndsjr80000gn/T/XcodeDistPipeline.~~~6Mex7k/Root/Payload/HeadX.app/Frameworks/hermes.framework"
)'>
2025-10-23 06:18:55 +0000  codesign output: /var/folders/kl/fhcdj8712yn46ty7p1ndsjr80000gn/T/XcodeDistPipeline.~~~6Mex7k/Root/Payload/HeadX.app/Frameworks/hermes.framework: replacing existing signature
/var/folders/kl/fhcdj8712yn46ty7p1ndsjr80000gn/T/XcodeDistPipeline.~~~6Mex7k/Root/Payload/HeadX.app/Frameworks/hermes.framework: signed bundle with Mach-O thin (arm64) [dev.hermesengine.iphoneos]
2025-10-23 06:18:55 +0000  Entitlements for <IDEDistributionItem: 0x6000bc01a160; bundleID='com.headx.kross', path='<DVTFilePath:0x6000bc0463a0:'/Users/phanthi/Library/Developer/Xcode/Archives/2025-10-23/HeadX 23-10-25, 13.18.xcarchive/Products/Applications/HeadX.app'>', codeSigningInfo='<_DVTCodeSigningInformation_Path: 0x6000bc019a40; isSigned='1', isAdHocSigned='0', signingCertificate='<DVTSigningCertificate: 0x60003dee2ac0; name='Apple Distribution: Thi My Dung Ho (X894B9K2Z3)', hash='E1AD18EB7843893CC3127771691D46128C494E34', serialNumber='31A08B8EE717BC701CEE30FD3F38E64B', certificateKinds='(
    "1.2.840.113635.100.6.1.7",
    "1.2.840.113635.100.6.1.4"
), issueDate='2025-10-23 05:22:02 +0000''>', entitlements='{
    "application-identifier" = "X894B9K2Z3.com.headx.kross";
    "com.apple.developer.team-identifier" = X894B9K2Z3;
    "get-task-allow" = 0;
}', teamID='X894B9K2Z3', identifier='com.headx.kross', executablePath='<DVTFilePath:0x6000bc05d680:'/Users/phanthi/Library/Developer/Xcode/Archives/2025-10-23/HeadX 23-10-25, 13.18.xcarchive/Products/Applications/HeadX.app/HeadX'>', hardenedRuntime='0'>'>: {
    "application-identifier" = "X894B9K2Z3.com.headx.kross";
    "com.apple.developer.team-identifier" = X894B9K2Z3;
    "get-task-allow" = 0;
}
2025-10-23 06:18:55 +0000  Associated App Clip Identifiers Filter: Skipping because "com.apple.developer.associated-appclip-app-identifiers" is not present
2025-10-23 06:18:55 +0000  Entitlements for <IDEDistributionItem: 0x6000bc01a160; bundleID='com.headx.kross', path='<DVTFilePath:0x6000bc0463a0:'/Users/phanthi/Library/Developer/Xcode/Archives/2025-10-23/HeadX 23-10-25, 13.18.xcarchive/Products/Applications/HeadX.app'>', codeSigningInfo='<_DVTCodeSigningInformation_Path: 0x6000bc019a40; isSigned='1', isAdHocSigned='0', signingCertificate='<DVTSigningCertificate: 0x60003dee2ac0; name='Apple Distribution: Thi My Dung Ho (X894B9K2Z3)', hash='E1AD18EB7843893CC3127771691D46128C494E34', serialNumber='31A08B8EE717BC701CEE30FD3F38E64B', certificateKinds='(
    "1.2.840.113635.100.6.1.7",
    "1.2.840.113635.100.6.1.4"
), issueDate='2025-10-23 05:22:02 +0000''>', entitlements='{
    "application-identifier" = "X894B9K2Z3.com.headx.kross";
    "com.apple.developer.team-identifier" = X894B9K2Z3;
    "get-task-allow" = 0;
}', teamID='X894B9K2Z3', identifier='com.headx.kross', executablePath='<DVTFilePath:0x6000bc05d680:'/Users/phanthi/Library/Developer/Xcode/Archives/2025-10-23/HeadX 23-10-25, 13.18.xcarchive/Products/Applications/HeadX.app/HeadX'>', hardenedRuntime='0'>'> are: {
    "application-identifier" = "X894B9K2Z3.com.headx.kross";
    "com.apple.developer.team-identifier" = X894B9K2Z3;
    "get-task-allow" = 0;
}
2025-10-23 06:18:55 +0000  Writing entitlements for <IDEDistributionItem: 0x6000bc01a160; bundleID='com.headx.kross', path='<DVTFilePath:0x6000bc0463a0:'/Users/phanthi/Library/Developer/Xcode/Archives/2025-10-23/HeadX 23-10-25, 13.18.xcarchive/Products/Applications/HeadX.app'>', codeSigningInfo='<_DVTCodeSigningInformation_Path: 0x6000bc019a40; isSigned='1', isAdHocSigned='0', signingCertificate='<DVTSigningCertificate: 0x60003dee2ac0; name='Apple Distribution: Thi My Dung Ho (X894B9K2Z3)', hash='E1AD18EB7843893CC3127771691D46128C494E34', serialNumber='31A08B8EE717BC701CEE30FD3F38E64B', certificateKinds='(
    "1.2.840.113635.100.6.1.7",
    "1.2.840.113635.100.6.1.4"
), issueDate='2025-10-23 05:22:02 +0000''>', entitlements='{
    "application-identifier" = "X894B9K2Z3.com.headx.kross";
    "com.apple.developer.team-identifier" = X894B9K2Z3;
    "get-task-allow" = 0;
}', teamID='X894B9K2Z3', identifier='com.headx.kross', executablePath='<DVTFilePath:0x6000bc05d680:'/Users/phanthi/Library/Developer/Xcode/Archives/2025-10-23/HeadX 23-10-25, 13.18.xcarchive/Products/Applications/HeadX.app/HeadX'>', hardenedRuntime='0'>'> to: /var/folders/kl/fhcdj8712yn46ty7p1ndsjr80000gn/T/XcodeDistPipeline.~~~6Mex7k/entitlements~~~7st1S0
2025-10-23 06:18:55 +0000  invoking codesign: <NSConcreteTask: 0x6000405fcdc0; launchPath='/usr/bin/codesign', arguments='(
    "-f",
    "-s",
    E1AD18EB7843893CC3127771691D46128C494E34,
    "--entitlements",
    "/var/folders/kl/fhcdj8712yn46ty7p1ndsjr80000gn/T/XcodeDistPipeline.~~~6Mex7k/entitlements~~~7st1S0",
    "--preserve-metadata=identifier,flags,runtime,launch-constraints,library-constraints",
    "--generate-entitlement-der",
    "--strip-disallowed-xattrs",
    "-vvv",
    "/var/folders/kl/fhcdj8712yn46ty7p1ndsjr80000gn/T/XcodeDistPipeline.~~~6Mex7k/Root/Payload/HeadX.app"
)'>
2025-10-23 06:18:55 +0000  codesign output: /var/folders/kl/fhcdj8712yn46ty7p1ndsjr80000gn/T/XcodeDistPipeline.~~~6Mex7k/Root/Payload/HeadX.app: replacing existing signature
/var/folders/kl/fhcdj8712yn46ty7p1ndsjr80000gn/T/XcodeDistPipeline.~~~6Mex7k/Root/Payload/HeadX.app: signed app bundle with Mach-O thin (arm64) [com.headx.kross]
2025-10-23 06:18:55 +0000  Processing step: IDEDistributionZipODRItemStep
2025-10-23 06:18:55 +0000  Skipping step: IDEDistributionZipODRItemStep because it said so
2025-10-23 06:18:55 +0000  Skipping step: IDEDistributionZipODRItemStep because it said so
2025-10-23 06:18:55 +0000  Skipping step: IDEDistributionZipODRItemStep because it said so
2025-10-23 06:18:55 +0000  Skipping step: IDEDistributionZipODRItemStep because it said so
2025-10-23 06:18:55 +0000  Skipping step: IDEDistributionZipODRItemStep because it said so
2025-10-23 06:18:55 +0000  Processing step: IDEDistributionCreateIPAStep
2025-10-23 06:18:55 +0000  Running /usr/bin/ditto '-V' '-c' '-k' '--norsrc' '/var/folders/kl/fhcdj8712yn46ty7p1ndsjr80000gn/T/XcodeDistPipeline.~~~6Mex7k/Root' '/var/folders/kl/fhcdj8712yn46ty7p1ndsjr80000gn/T/XcodeDistPipeline.~~~6Mex7k/Packages/HeadX.ipa'
2025-10-23 06:18:55 +0000  >>> Copying /var/folders/kl/fhcdj8712yn46ty7p1ndsjr80000gn/T/XcodeDistPipeline.~~~6Mex7k/Root 
2025-10-23 06:18:55 +0000  copying file ./Payload/HeadX.app/_CodeSignature/CodeResources ... 
2025-10-23 06:18:55 +0000  32733 bytes for ./Payload/HeadX.app/_CodeSignature/CodeResources
2025-10-23 06:18:55 +0000  copying file ./Payload/HeadX.app/Fontisto.ttf ... 
2025-10-23 06:18:55 +0000  313528 bytes for ./Payload/HeadX.app/Fontisto.ttf
2025-10-23 06:18:55 +0000  copying file ./Payload/HeadX.app/Octicons.ttf ... 
2025-10-23 06:18:55 +0000  49404 bytes for ./Payload/HeadX.app/Octicons.ttf
copying file ./Payload/HeadX.app/Feather.ttf ... 
2025-10-23 06:18:55 +0000  56228 bytes for ./Payload/HeadX.app/Feather.ttf
2025-10-23 06:18:55 +0000  copying file ./Payload/HeadX.app/SplashScreen.storyboardc/EXPO-VIEWCONTROLLER-1-view-EXPO-ContainerView.nib ... 
2025-10-23 06:18:55 +0000  2108 bytes for ./Payload/HeadX.app/SplashScreen.storyboardc/EXPO-VIEWCONTROLLER-1-view-EXPO-ContainerView.nib
2025-10-23 06:18:55 +0000  copying file ./Payload/HeadX.app/SplashScreen.storyboardc/SplashScreenViewController.nib ... 
2025-10-23 06:18:55 +0000  1004 bytes for ./Payload/HeadX.app/SplashScreen.storyboardc/SplashScreenViewController.nib
copying file ./Payload/HeadX.app/SplashScreen.storyboardc/Info.plist ... 
2025-10-23 06:18:55 +0000  225 bytes for ./Payload/HeadX.app/SplashScreen.storyboardc/Info.plist
2025-10-23 06:18:55 +0000  copying file ./Payload/HeadX.app/FontAwesome6_Regular.ttf ... 
2025-10-23 06:18:55 +0000  67976 bytes for ./Payload/HeadX.app/FontAwesome6_Regular.ttf
2025-10-23 06:18:55 +0000  copying file ./Payload/HeadX.app/Entypo.ttf ... 
2025-10-23 06:18:55 +0000  66200 bytes for ./Payload/HeadX.app/Entypo.ttf
2025-10-23 06:18:55 +0000  copying file ./Payload/HeadX.app/FontAwesome5_Brands.ttf ... 
2025-10-23 06:18:55 +0000  134040 bytes for ./Payload/HeadX.app/FontAwesome5_Brands.ttf
2025-10-23 06:18:55 +0000  copying file ./Payload/HeadX.app/MaterialCommunityIcons.ttf ... 
2025-10-23 06:18:55 +0000  1147844 bytes for ./Payload/HeadX.app/MaterialCommunityIcons.ttf
copying file ./Payload/HeadX.app/AppIcon60x60@2x.png ... 
2025-10-23 06:18:55 +0000  4077 bytes for ./Payload/HeadX.app/AppIcon60x60@2x.png
2025-10-23 06:18:55 +0000  copying file ./Payload/HeadX.app/ExpoConstants_privacy.bundle/PrivacyInfo.xcprivacy ... 
607 bytes for ./Payload/HeadX.app/ExpoConstants_privacy.bundle/PrivacyInfo.xcprivacy
2025-10-23 06:18:55 +0000  copying file ./Payload/HeadX.app/ExpoConstants_privacy.bundle/Info.plist ... 
2025-10-23 06:18:55 +0000  791 bytes for ./Payload/HeadX.app/ExpoConstants_privacy.bundle/Info.plist
2025-10-23 06:18:55 +0000  copying file ./Payload/HeadX.app/AntDesign.ttf ... 
2025-10-23 06:18:55 +0000  70344 bytes for ./Payload/HeadX.app/AntDesign.ttf
copying file ./Payload/HeadX.app/Foundation.ttf ... 
2025-10-23 06:18:55 +0000  56976 bytes for ./Payload/HeadX.app/Foundation.ttf
copying file ./Payload/HeadX.app/Ionicons.ttf ... 
2025-10-23 06:18:55 +0000  442604 bytes for ./Payload/HeadX.app/Ionicons.ttf
copying file ./Payload/HeadX.app/FontAwesome5_Solid.ttf ... 
2025-10-23 06:18:55 +0000  202744 bytes for ./Payload/HeadX.app/FontAwesome5_Solid.ttf
copying file ./Payload/HeadX.app/FontAwesome5_Regular.ttf ... 
2025-10-23 06:18:55 +0000  33736 bytes for ./Payload/HeadX.app/FontAwesome5_Regular.ttf
2025-10-23 06:18:55 +0000  copying file ./Payload/HeadX.app/React-cxxreact_privacy.bundle/PrivacyInfo.xcprivacy ... 
2025-10-23 06:18:55 +0000  552 bytes for ./Payload/HeadX.app/React-cxxreact_privacy.bundle/PrivacyInfo.xcprivacy
copying file ./Payload/HeadX.app/React-cxxreact_privacy.bundle/Info.plist ... 
2025-10-23 06:18:55 +0000  792 bytes for ./Payload/HeadX.app/React-cxxreact_privacy.bundle/Info.plist
2025-10-23 06:18:55 +0000  copying file ./Payload/HeadX.app/FontAwesome.ttf ... 
2025-10-23 06:18:55 +0000  165548 bytes for ./Payload/HeadX.app/FontAwesome.ttf
2025-10-23 06:18:55 +0000  copying file ./Payload/HeadX.app/Zocial.ttf ... 
2025-10-23 06:18:55 +0000  25788 bytes for ./Payload/HeadX.app/Zocial.ttf
copying file ./Payload/HeadX.app/Assets.car ... 
2025-10-23 06:18:55 +0000  493208 bytes for ./Payload/HeadX.app/Assets.car
copying file ./Payload/HeadX.app/EvilIcons.ttf ... 
2025-10-23 06:18:55 +0000  13456 bytes for ./Payload/HeadX.app/EvilIcons.ttf
copying file ./Payload/HeadX.app/AppIcon76x76@2x~ipad.png ... 
2025-10-23 06:18:55 +0000  5229 bytes for ./Payload/HeadX.app/AppIcon76x76@2x~ipad.png
2025-10-23 06:18:55 +0000  copying file ./Payload/HeadX.app/main.jsbundle ... 
2025-10-23 06:18:55 +0000  6474433 bytes for ./Payload/HeadX.app/main.jsbundle
2025-10-23 06:18:55 +0000  copying file ./Payload/HeadX.app/EXConstants.bundle/app.config ... 
1119 bytes for ./Payload/HeadX.app/EXConstants.bundle/app.config
copying file ./Payload/HeadX.app/EXConstants.bundle/Info.plist ... 
769 bytes for ./Payload/HeadX.app/EXConstants.bundle/Info.plist
copying file ./Payload/HeadX.app/FontAwesome6_Solid.ttf ... 
2025-10-23 06:18:55 +0000  423676 bytes for ./Payload/HeadX.app/FontAwesome6_Solid.ttf
copying file ./Payload/HeadX.app/PrivacyInfo.xcprivacy ... 
2025-10-23 06:18:55 +0000  1283 bytes for ./Payload/HeadX.app/PrivacyInfo.xcprivacy
2025-10-23 06:18:55 +0000  copying file ./Payload/HeadX.app/RNSVGFilters.bundle/RNSVGArithmeticFilter.iphoneos.metallib ... 
2025-10-23 06:18:55 +0000  3993 bytes for ./Payload/HeadX.app/RNSVGFilters.bundle/RNSVGArithmeticFilter.iphoneos.metallib
copying file ./Payload/HeadX.app/RNSVGFilters.bundle/RNSVGCompositeXor.iphoneos.metallib ... 
2025-10-23 06:18:55 +0000  3509 bytes for ./Payload/HeadX.app/RNSVGFilters.bundle/RNSVGCompositeXor.iphoneos.metallib
copying file ./Payload/HeadX.app/RNSVGFilters.bundle/Info.plist ... 
2025-10-23 06:18:55 +0000  771 bytes for ./Payload/HeadX.app/RNSVGFilters.bundle/Info.plist
2025-10-23 06:18:55 +0000  copying file ./Payload/HeadX.app/ExpoFileSystem_privacy.bundle/PrivacyInfo.xcprivacy ... 
2025-10-23 06:18:55 +0000  877 bytes for ./Payload/HeadX.app/ExpoFileSystem_privacy.bundle/PrivacyInfo.xcprivacy
copying file ./Payload/HeadX.app/ExpoFileSystem_privacy.bundle/Info.plist ... 
2025-10-23 06:18:55 +0000  793 bytes for ./Payload/HeadX.app/ExpoFileSystem_privacy.bundle/Info.plist
2025-10-23 06:18:55 +0000  copying file ./Payload/HeadX.app/Frameworks/React.framework/_CodeSignature/CodeResources ... 
2025-10-23 06:18:55 +0000  1798 bytes for ./Payload/HeadX.app/Frameworks/React.framework/_CodeSignature/CodeResources
2025-10-23 06:18:55 +0000  copying file ./Payload/HeadX.app/Frameworks/React.framework/React ... 
2025-10-23 06:18:55 +0000  11371968 bytes for ./Payload/HeadX.app/Frameworks/React.framework/React
copying file ./Payload/HeadX.app/Frameworks/React.framework/Info.plist ... 
2025-10-23 06:18:55 +0000  749 bytes for ./Payload/HeadX.app/Frameworks/React.framework/Info.plist
copying file ./Payload/HeadX.app/Frameworks/crsqlite.framework/_CodeSignature/CodeResources ... 
2025-10-23 06:18:55 +0000  1798 bytes for ./Payload/HeadX.app/Frameworks/crsqlite.framework/_CodeSignature/CodeResources
copying file ./Payload/HeadX.app/Frameworks/crsqlite.framework/Info.plist ... 
2025-10-23 06:18:55 +0000  723 bytes for ./Payload/HeadX.app/Frameworks/crsqlite.framework/Info.plist
copying file ./Payload/HeadX.app/Frameworks/crsqlite.framework/crsqlite ... 
2025-10-23 06:18:55 +0000  1086576 bytes for ./Payload/HeadX.app/Frameworks/crsqlite.framework/crsqlite
2025-10-23 06:18:55 +0000  copying file ./Payload/HeadX.app/Frameworks/ReactNativeDependencies.framework/_CodeSignature/CodeResources ... 
2025-10-23 06:18:55 +0000  3548 bytes for ./Payload/HeadX.app/Frameworks/ReactNativeDependencies.framework/_CodeSignature/CodeResources
copying file ./Payload/HeadX.app/Frameworks/ReactNativeDependencies.framework/ReactNativeDependencies_folly.bundle/PrivacyInfo.xcprivacy ... 
2025-10-23 06:18:55 +0000  552 bytes for ./Payload/HeadX.app/Frameworks/ReactNativeDependencies.framework/ReactNativeDependencies_folly.bundle/PrivacyInfo.xcprivacy
2025-10-23 06:18:55 +0000  copying file ./Payload/HeadX.app/Frameworks/ReactNativeDependencies.framework/ReactNativeDependencies_folly.bundle/Info.plist ... 
2025-10-23 06:18:55 +0000  690 bytes for ./Payload/HeadX.app/Frameworks/ReactNativeDependencies.framework/ReactNativeDependencies_folly.bundle/Info.plist
copying file ./Payload/HeadX.app/Frameworks/ReactNativeDependencies.framework/ReactNativeDependencies ... 
2025-10-23 06:18:56 +0000  1287280 bytes for ./Payload/HeadX.app/Frameworks/ReactNativeDependencies.framework/ReactNativeDependencies
2025-10-23 06:18:56 +0000  copying file ./Payload/HeadX.app/Frameworks/ReactNativeDependencies.framework/ReactNativeDependencies_glog.bundle/PrivacyInfo.xcprivacy ... 
552 bytes for ./Payload/HeadX.app/Frameworks/ReactNativeDependencies.framework/ReactNativeDependencies_glog.bundle/PrivacyInfo.xcprivacy
copying file ./Payload/HeadX.app/Frameworks/ReactNativeDependencies.framework/ReactNativeDependencies_glog.bundle/Info.plist ... 
2025-10-23 06:18:56 +0000  688 bytes for ./Payload/HeadX.app/Frameworks/ReactNativeDependencies.framework/ReactNativeDependencies_glog.bundle/Info.plist
2025-10-23 06:18:56 +0000  copying file ./Payload/HeadX.app/Frameworks/ReactNativeDependencies.framework/ReactNativeDependencies_boost.bundle/PrivacyInfo.xcprivacy ... 
2025-10-23 06:18:56 +0000  776 bytes for ./Payload/HeadX.app/Frameworks/ReactNativeDependencies.framework/ReactNativeDependencies_boost.bundle/PrivacyInfo.xcprivacy
copying file ./Payload/HeadX.app/Frameworks/ReactNativeDependencies.framework/ReactNativeDependencies_boost.bundle/Info.plist ... 
2025-10-23 06:18:56 +0000  690 bytes for ./Payload/HeadX.app/Frameworks/ReactNativeDependencies.framework/ReactNativeDependencies_boost.bundle/Info.plist
2025-10-23 06:18:56 +0000  copying file ./Payload/HeadX.app/Frameworks/ReactNativeDependencies.framework/Info.plist ... 
2025-10-23 06:18:56 +0000  782 bytes for ./Payload/HeadX.app/Frameworks/ReactNativeDependencies.framework/Info.plist
2025-10-23 06:18:56 +0000  copying file ./Payload/HeadX.app/Frameworks/hermes.framework/_CodeSignature/CodeResources ... 
2025-10-23 06:18:56 +0000  1798 bytes for ./Payload/HeadX.app/Frameworks/hermes.framework/_CodeSignature/CodeResources
copying file ./Payload/HeadX.app/Frameworks/hermes.framework/hermes ... 
2025-10-23 06:18:56 +0000  4755616 bytes for ./Payload/HeadX.app/Frameworks/hermes.framework/hermes
2025-10-23 06:18:56 +0000  copying file ./Payload/HeadX.app/Frameworks/hermes.framework/Info.plist ... 
859 bytes for ./Payload/HeadX.app/Frameworks/hermes.framework/Info.plist
copying file ./Payload/HeadX.app/SimpleLineIcons.ttf ... 
2025-10-23 06:18:56 +0000  54056 bytes for ./Payload/HeadX.app/SimpleLineIcons.ttf
copying file ./Payload/HeadX.app/FontAwesome6_Brands.ttf ... 
2025-10-23 06:18:56 +0000  209376 bytes for ./Payload/HeadX.app/FontAwesome6_Brands.ttf
copying file ./Payload/HeadX.app/embedded.mobileprovision ... 
2025-10-23 06:18:56 +0000  18378 bytes for ./Payload/HeadX.app/embedded.mobileprovision
2025-10-23 06:18:56 +0000  copying file ./Payload/HeadX.app/assets/node_modules/@react-navigation/stack/node_modules/@react-navigation/elements/lib/module/assets/back-icon@3x.png ... 
2025-10-23 06:18:56 +0000  761 bytes for ./Payload/HeadX.app/assets/node_modules/@react-navigation/stack/node_modules/@react-navigation/elements/lib/module/assets/back-icon@3x.png
copying file ./Payload/HeadX.app/assets/node_modules/@react-navigation/stack/node_modules/@react-navigation/elements/lib/module/assets/back-icon@2x.png ... 
2025-10-23 06:18:56 +0000  405 bytes for ./Payload/HeadX.app/assets/node_modules/@react-navigation/stack/node_modules/@react-navigation/elements/lib/module/assets/back-icon@2x.png
copying file ./Payload/HeadX.app/assets/node_modules/@react-navigation/stack/node_modules/@react-navigation/elements/lib/module/assets/search-icon@2x.png ... 
589 bytes for ./Payload/HeadX.app/assets/node_modules/@react-navigation/stack/node_modules/@react-navigation/elements/lib/module/assets/search-icon@2x.png
copying file ./Payload/HeadX.app/assets/node_modules/@react-navigation/stack/node_modules/@react-navigation/elements/lib/module/assets/clear-icon@3x.png ... 
502 bytes for ./Payload/HeadX.app/assets/node_modules/@react-navigation/stack/node_modules/@react-navigation/elements/lib/module/assets/clear-icon@3x.png
2025-10-23 06:18:56 +0000  copying file ./Payload/HeadX.app/assets/node_modules/@react-navigation/stack/node_modules/@react-navigation/elements/lib/module/assets/back-icon.png ... 
290 bytes for ./Payload/HeadX.app/assets/node_modules/@react-navigation/stack/node_modules/@react-navigation/elements/lib/module/assets/back-icon.png
2025-10-23 06:18:56 +0000  copying file ./Payload/HeadX.app/assets/node_modules/@react-navigation/stack/node_modules/@react-navigation/elements/lib/module/assets/clear-icon@2x.png ... 
2025-10-23 06:18:56 +0000  334 bytes for ./Payload/HeadX.app/assets/node_modules/@react-navigation/stack/node_modules/@react-navigation/elements/lib/module/assets/clear-icon@2x.png
copying file ./Payload/HeadX.app/assets/node_modules/@react-navigation/stack/node_modules/@react-navigation/elements/lib/module/assets/search-icon@3x.png ... 
2025-10-23 06:18:56 +0000  839 bytes for ./Payload/HeadX.app/assets/node_modules/@react-navigation/stack/node_modules/@react-navigation/elements/lib/module/assets/search-icon@3x.png
2025-10-23 06:18:56 +0000  copying file ./Payload/HeadX.app/assets/node_modules/@react-navigation/stack/node_modules/@react-navigation/elements/lib/module/assets/close-icon.png ... 
2025-10-23 06:18:56 +0000  141 bytes for ./Payload/HeadX.app/assets/node_modules/@react-navigation/stack/node_modules/@react-navigation/elements/lib/module/assets/close-icon.png
copying file ./Payload/HeadX.app/assets/node_modules/@react-navigation/stack/node_modules/@react-navigation/elements/lib/module/assets/back-icon-mask.png ... 
2025-10-23 06:18:56 +0000  653 bytes for ./Payload/HeadX.app/assets/node_modules/@react-navigation/stack/node_modules/@react-navigation/elements/lib/module/assets/back-icon-mask.png
copying file ./Payload/HeadX.app/assets/node_modules/@react-navigation/stack/node_modules/@react-navigation/elements/lib/module/assets/close-icon@2x.png ... 
2025-10-23 06:18:56 +0000  201 bytes for ./Payload/HeadX.app/assets/node_modules/@react-navigation/stack/node_modules/@react-navigation/elements/lib/module/assets/close-icon@2x.png
copying file ./Payload/HeadX.app/assets/node_modules/@react-navigation/stack/node_modules/@react-navigation/elements/lib/module/assets/close-icon@3x.png ... 
2025-10-23 06:18:56 +0000  266 bytes for ./Payload/HeadX.app/assets/node_modules/@react-navigation/stack/node_modules/@react-navigation/elements/lib/module/assets/close-icon@3x.png
copying file ./Payload/HeadX.app/assets/node_modules/@react-navigation/stack/node_modules/@react-navigation/elements/lib/module/assets/clear-icon.png ... 
2025-10-23 06:18:56 +0000  220 bytes for ./Payload/HeadX.app/assets/node_modules/@react-navigation/stack/node_modules/@react-navigation/elements/lib/module/assets/clear-icon.png
2025-10-23 06:18:56 +0000  copying file ./Payload/HeadX.app/assets/node_modules/@react-navigation/stack/node_modules/@react-navigation/elements/lib/module/assets/search-icon.png ... 
2025-10-23 06:18:56 +0000  317 bytes for ./Payload/HeadX.app/assets/node_modules/@react-navigation/stack/node_modules/@react-navigation/elements/lib/module/assets/search-icon.png
2025-10-23 06:18:56 +0000  copying file ./Payload/HeadX.app/assets/node_modules/@expo/vector-icons/build/vendor/react-native-vector-icons/Fonts/Fontisto.ttf ... 
2025-10-23 06:18:56 +0000  313528 bytes for ./Payload/HeadX.app/assets/node_modules/@expo/vector-icons/build/vendor/react-native-vector-icons/Fonts/Fontisto.ttf
copying file ./Payload/HeadX.app/assets/node_modules/@expo/vector-icons/build/vendor/react-native-vector-icons/Fonts/Octicons.ttf ... 
2025-10-23 06:18:56 +0000  69436 bytes for ./Payload/HeadX.app/assets/node_modules/@expo/vector-icons/build/vendor/react-native-vector-icons/Fonts/Octicons.ttf
copying file ./Payload/HeadX.app/assets/node_modules/@expo/vector-icons/build/vendor/react-native-vector-icons/Fonts/Feather.ttf ... 
2025-10-23 06:18:56 +0000  55596 bytes for ./Payload/HeadX.app/assets/node_modules/@expo/vector-icons/build/vendor/react-native-vector-icons/Fonts/Feather.ttf
2025-10-23 06:18:56 +0000  copying file ./Payload/HeadX.app/assets/node_modules/@expo/vector-icons/build/vendor/react-native-vector-icons/Fonts/FontAwesome6_Regular.ttf ... 
2025-10-23 06:18:56 +0000  67976 bytes for ./Payload/HeadX.app/assets/node_modules/@expo/vector-icons/build/vendor/react-native-vector-icons/Fonts/FontAwesome6_Regular.ttf
copying file ./Payload/HeadX.app/assets/node_modules/@expo/vector-icons/build/vendor/react-native-vector-icons/Fonts/Entypo.ttf ... 
2025-10-23 06:18:56 +0000  66200 bytes for ./Payload/HeadX.app/assets/node_modules/@expo/vector-icons/build/vendor/react-native-vector-icons/Fonts/Entypo.ttf
copying file ./Payload/HeadX.app/assets/node_modules/@expo/vector-icons/build/vendor/react-native-vector-icons/Fonts/FontAwesome5_Brands.ttf ... 
2025-10-23 06:18:56 +0000  134040 bytes for ./Payload/HeadX.app/assets/node_modules/@expo/vector-icons/build/vendor/react-native-vector-icons/Fonts/FontAwesome5_Brands.ttf
copying file ./Payload/HeadX.app/assets/node_modules/@expo/vector-icons/build/vendor/react-native-vector-icons/Fonts/MaterialCommunityIcons.ttf ... 
2025-10-23 06:18:56 +0000  1307660 bytes for ./Payload/HeadX.app/assets/node_modules/@expo/vector-icons/build/vendor/react-native-vector-icons/Fonts/MaterialCommunityIcons.ttf
2025-10-23 06:18:56 +0000  copying file ./Payload/HeadX.app/assets/node_modules/@expo/vector-icons/build/vendor/react-native-vector-icons/Fonts/AntDesign.ttf ... 
2025-10-23 06:18:56 +0000  130484 bytes for ./Payload/HeadX.app/assets/node_modules/@expo/vector-icons/build/vendor/react-native-vector-icons/Fonts/AntDesign.ttf
copying file ./Payload/HeadX.app/assets/node_modules/@expo/vector-icons/build/vendor/react-native-vector-icons/Fonts/Foundation.ttf ... 
2025-10-23 06:18:56 +0000  56976 bytes for ./Payload/HeadX.app/assets/node_modules/@expo/vector-icons/build/vendor/react-native-vector-icons/Fonts/Foundation.ttf
copying file ./Payload/HeadX.app/assets/node_modules/@expo/vector-icons/build/vendor/react-native-vector-icons/Fonts/Ionicons.ttf ... 
2025-10-23 06:18:56 +0000  389724 bytes for ./Payload/HeadX.app/assets/node_modules/@expo/vector-icons/build/vendor/react-native-vector-icons/Fonts/Ionicons.ttf
copying file ./Payload/HeadX.app/assets/node_modules/@expo/vector-icons/build/vendor/react-native-vector-icons/Fonts/FontAwesome5_Solid.ttf ... 
2025-10-23 06:18:56 +0000  202744 bytes for ./Payload/HeadX.app/assets/node_modules/@expo/vector-icons/build/vendor/react-native-vector-icons/Fonts/FontAwesome5_Solid.ttf
copying file ./Payload/HeadX.app/assets/node_modules/@expo/vector-icons/build/vendor/react-native-vector-icons/Fonts/FontAwesome5_Regular.ttf ... 
2025-10-23 06:18:56 +0000  33736 bytes for ./Payload/HeadX.app/assets/node_modules/@expo/vector-icons/build/vendor/react-native-vector-icons/Fonts/FontAwesome5_Regular.ttf
copying file ./Payload/HeadX.app/assets/node_modules/@expo/vector-icons/build/vendor/react-native-vector-icons/Fonts/FontAwesome.ttf ... 
2025-10-23 06:18:56 +0000  165548 bytes for ./Payload/HeadX.app/assets/node_modules/@expo/vector-icons/build/vendor/react-native-vector-icons/Fonts/FontAwesome.ttf
2025-10-23 06:18:56 +0000  copying file ./Payload/HeadX.app/assets/node_modules/@expo/vector-icons/build/vendor/react-native-vector-icons/Fonts/Zocial.ttf ... 
2025-10-23 06:18:56 +0000  25788 bytes for ./Payload/HeadX.app/assets/node_modules/@expo/vector-icons/build/vendor/react-native-vector-icons/Fonts/Zocial.ttf
copying file ./Payload/HeadX.app/assets/node_modules/@expo/vector-icons/build/vendor/react-native-vector-icons/Fonts/EvilIcons.ttf ... 
2025-10-23 06:18:56 +0000  13456 bytes for ./Payload/HeadX.app/assets/node_modules/@expo/vector-icons/build/vendor/react-native-vector-icons/Fonts/EvilIcons.ttf
copying file ./Payload/HeadX.app/assets/node_modules/@expo/vector-icons/build/vendor/react-native-vector-icons/Fonts/FontAwesome6_Solid.ttf ... 
2025-10-23 06:18:56 +0000  423676 bytes for ./Payload/HeadX.app/assets/node_modules/@expo/vector-icons/build/vendor/react-native-vector-icons/Fonts/FontAwesome6_Solid.ttf
copying file ./Payload/HeadX.app/assets/node_modules/@expo/vector-icons/build/vendor/react-native-vector-icons/Fonts/SimpleLineIcons.ttf ... 
2025-10-23 06:18:56 +0000  54056 bytes for ./Payload/HeadX.app/assets/node_modules/@expo/vector-icons/build/vendor/react-native-vector-icons/Fonts/SimpleLineIcons.ttf
copying file ./Payload/HeadX.app/assets/node_modules/@expo/vector-icons/build/vendor/react-native-vector-icons/Fonts/FontAwesome6_Brands.ttf ... 
2025-10-23 06:18:56 +0000  209376 bytes for ./Payload/HeadX.app/assets/node_modules/@expo/vector-icons/build/vendor/react-native-vector-icons/Fonts/FontAwesome6_Brands.ttf
copying file ./Payload/HeadX.app/assets/node_modules/@expo/vector-icons/build/vendor/react-native-vector-icons/Fonts/MaterialIcons.ttf ... 
2025-10-23 06:18:56 +0000  356840 bytes for ./Payload/HeadX.app/assets/node_modules/@expo/vector-icons/build/vendor/react-native-vector-icons/Fonts/MaterialIcons.ttf
2025-10-23 06:18:56 +0000  copying file ./Payload/HeadX.app/assets/assets/LeftLateral2.png ... 
2025-10-23 06:18:56 +0000  1315340 bytes for ./Payload/HeadX.app/assets/assets/LeftLateral2.png
copying file ./Payload/HeadX.app/assets/assets/DarkLogo.jpg ... 
2025-10-23 06:18:56 +0000  36474 bytes for ./Payload/HeadX.app/assets/assets/DarkLogo.jpg
copying file ./Payload/HeadX.app/assets/assets/RightLateral2.png ... 
2025-10-23 06:18:56 +0000  1419732 bytes for ./Payload/HeadX.app/assets/assets/RightLateral2.png
copying file ./Payload/HeadX.app/assets/assets/Flexion.png ... 
2025-10-23 06:18:56 +0000  256671 bytes for ./Payload/HeadX.app/assets/assets/Flexion.png
copying file ./Payload/HeadX.app/assets/assets/Splash.png ... 
2025-10-23 06:18:56 +0000  361552 bytes for ./Payload/HeadX.app/assets/assets/Splash.png
2025-10-23 06:18:56 +0000  copying file ./Payload/HeadX.app/assets/assets/LeftRotation.png ... 
2025-10-23 06:18:56 +0000  245559 bytes for ./Payload/HeadX.app/assets/assets/LeftRotation.png
copying file ./Payload/HeadX.app/assets/assets/WhiteLogo.png ... 
2025-10-23 06:18:56 +0000  210844 bytes for ./Payload/HeadX.app/assets/assets/WhiteLogo.png
copying file ./Payload/HeadX.app/assets/assets/RightRotation.png ... 
2025-10-23 06:18:56 +0000  646802 bytes for ./Payload/HeadX.app/assets/assets/RightRotation.png
copying file ./Payload/HeadX.app/assets/assets/Extension.png ... 
2025-10-23 06:18:56 +0000  258464 bytes for ./Payload/HeadX.app/assets/assets/Extension.png
2025-10-23 06:18:56 +0000  copying file ./Payload/HeadX.app/HeadX ... 
2025-10-23 06:18:56 +0000  7090208 bytes for ./Payload/HeadX.app/HeadX
copying file ./Payload/HeadX.app/Info.plist ... 
2025-10-23 06:18:56 +0000  2013 bytes for ./Payload/HeadX.app/Info.plist
copying file ./Payload/HeadX.app/Expo.plist ... 
2025-10-23 06:18:56 +0000  243 bytes for ./Payload/HeadX.app/Expo.plist
copying file ./Payload/HeadX.app/PkgInfo ... 
8 bytes for ./Payload/HeadX.app/PkgInfo
copying file ./Payload/HeadX.app/MaterialIcons.ttf ... 
2025-10-23 06:18:56 +0000  356840 bytes for ./Payload/HeadX.app/MaterialIcons.ttf
2025-10-23 06:18:56 +0000  copying file ./Payload/HeadX.app/React-Core_privacy.bundle/PrivacyInfo.xcprivacy ... 
2025-10-23 06:18:56 +0000  768 bytes for ./Payload/HeadX.app/React-Core_privacy.bundle/PrivacyInfo.xcprivacy
copying file ./Payload/HeadX.app/React-Core_privacy.bundle/Info.plist ... 
2025-10-23 06:18:56 +0000  784 bytes for ./Payload/HeadX.app/React-Core_privacy.bundle/Info.plist
2025-10-23 06:18:56 +0000  /usr/bin/ditto exited with 0
2025-10-23 06:18:56 +0000  Processing step: IDEDistributionAppStoreInformationStep
2025-10-23 06:18:56 +0000  Skipping step: IDEDistributionAppStoreInformationStep because it said so
2025-10-23 06:18:56 +0000  Processing step: IDEDistributionGenerateProcessedDistributionItems
2025-10-23 06:18:56 +0000  IDEDistributionItem init <DVTFilePath:0x6000bc01aee0:'/var/folders/kl/fhcdj8712yn46ty7p1ndsjr80000gn/T/XcodeDistPipeline.~~~6Mex7k/Root/Payload/HeadX.app/Frameworks/React.framework'>
2025-10-23 06:18:56 +0000  IDEDistributionItem init <DVTFilePath:0x6000a4f81570:'/var/folders/kl/fhcdj8712yn46ty7p1ndsjr80000gn/T/XcodeDistPipeline.~~~6Mex7k/Root/Payload/HeadX.app/Frameworks/crsqlite.framework'>
2025-10-23 06:18:56 +0000  IDEDistributionItem init <DVTFilePath:0x60003cacd600:'/var/folders/kl/fhcdj8712yn46ty7p1ndsjr80000gn/T/XcodeDistPipeline.~~~6Mex7k/Root/Payload/HeadX.app/Frameworks/ReactNativeDependencies.framework'>
2025-10-23 06:18:56 +0000  IDEDistributionItem init <DVTFilePath:0x6000a4f82920:'/var/folders/kl/fhcdj8712yn46ty7p1ndsjr80000gn/T/XcodeDistPipeline.~~~6Mex7k/Root/Payload/HeadX.app/Frameworks/hermes.framework'>
2025-10-23 06:18:56 +0000  IDEDistributionItem init <DVTFilePath:0x6000bc018c60:'/var/folders/kl/fhcdj8712yn46ty7p1ndsjr80000gn/T/XcodeDistPipeline.~~~6Mex7k/Root/Payload/HeadX.app'>
2025-10-23 06:18:56 +0000  Processing step: IDEDistributionCreateManifestStep
